#
# A fatal error has been detected by the Java Runtime Environment:
#
#  SIGSEGV (0xb) at pc=0x00007f2a8ea8815a, pid=5329, tid=139820472637184
#
# JRE version: Java(TM) SE Runtime Environment (7.0_80-b15) (build 1.7.0_80-b15)
# Java VM: Java HotSpot(TM) 64-Bit Server VM (24.80-b11 mixed mode linux-amd64 compressed oops)
# Problematic frame:
# J 11957 C1 org.codehaus.groovy.runtime.ArrayUtil.createArray(Ljava/lang/Object;Ljava/lang/Object;Ljava/lang/Object;Ljava/lang/Object;)[Ljava/lang/Object; (21 bytes) @ 0x00007f2a8ea8815a [0x00007f2a8ea88040+0x11a]
#
# Failed to write core dump. Core dumps have been disabled. To enable core dumping, try "ulimit -c unlimited" before starting Java again
#
# If you would like to submit a bug report, please visit:
#   http://bugreport.java.com/bugreport/crash.jsp
#

---------------  T H R E A D  ---------------

Current thread (0x0000000001785800):  JavaThread "http-nio-8080-exec-7" daemon [_thread_in_Java, id=5373, stack(0x00007f2a7d8a9000,0x00007f2a7d9aa000)]

siginfo:si_signo=SIGSEGV: si_errno=0, si_code=1 (SEGV_MAPERR), si_addr=0x0000000000000038

Registers:
RAX=0x00000000c02d0bd0, RBX=0x00000000f0002bb0, RCX=0x0000000000000038, RDX=0x0000000000000000
RSP=0x00007f2a7d9a40f0, RBP=0x00007f2a7d9a41c0, RSI=0x00000000c02d0be4, RDI=0x00007f2a8c7f7000
R8 =0x00000000c00b5a20, R9 =0x00000000d0b91eb0, R10=0x00000000d0b91eb0, R11=0x00007f2a7d9a46c0
R12=0x0000000000000000, R13=0x0000000000001fa0, R14=0x00007f2a7d9a4200, R15=0x0000000001785800
RIP=0x00007f2a8ea8815a, EFLAGS=0x0000000000010287, CSGSFS=0x0000000000000033, ERR=0x0000000000000004
  TRAPNO=0x000000000000000e

Top of Stack: (sp=0x00007f2a7d9a40f0)
0x00007f2a7d9a40f0:   00007f2a7d9a41d8 00007f2a8d195de3
0x00007f2a7d9a4100:   00007f2a8d17d310 00007f2a00000000
0x00007f2a7d9a4110:   00007f2a7d9a4248 00007f2a7d9a41d8
0x00007f2a7d9a4120:   00007f2a7d9a41d8 00007f2a8d195de3
0x00007f2a7d9a4130:   00007f2a7d9a41c0 00007f2a8d17e233
0x00007f2a7d9a4140:   00007f2a7d9a4248 00007f2a8d17e233
0x00007f2a7d9a4150:   00000000c00b5a20 0000000000001fa0
0x00007f2a7d9a4160:   00007f2a7d9a46c0 00000000d0b91eb0
0x00007f2a7d9a4170:   00000000d24f44f8 00000000da1b7788
0x00007f2a7d9a4180:   00007f2a7d9a4180 00000000f04466cb
0x00007f2a7d9a4190:   00007f2a7d9a4200 00000000f0449230
0x00007f2a7d9a41a0:   0000000000000000 00000000f0446738
0x00007f2a7d9a41b0:   00007f2a7d9a4150 00007f2a7d9a41d8
0x00007f2a7d9a41c0:   00007f2a7d9a4248 00007f2a8d17e8e1
0x00007f2a7d9a41d0:   00000000da1b7788 00000000c00b5a20
0x00007f2a7d9a41e0:   0000000000001fa0 00007f2a7d9a46c0
0x00007f2a7d9a41f0:   00000000d0b91eb0 00000000d24f44f8
0x00007f2a7d9a4200:   00000000da1b7788 00007f2a7d9a4208
0x00007f2a7d9a4210:   00000000f643a6c0 00007f2a7d9a4270
0x00007f2a7d9a4220:   00000000f6464ba0 0000000000000000
0x00007f2a7d9a4230:   00000000f643a6f8 00007f2a7d9a41d8
0x00007f2a7d9a4240:   00007f2a7d9a4260 00007f2a7d9a42b8
0x00007f2a7d9a4250:   00007f2a8d17e233 00000000d9f702b0
0x00007f2a7d9a4260:   00000000c00b5a20 0000000000001fa0
0x00007f2a7d9a4270:   00007f2a7d9a46c0 00007f2a7d9a4278
0x00007f2a7d9a4280:   00000000f642459c 00007f2a7d9a42e8
0x00007f2a7d9a4290:   00000000f6447458 0000000000000000
0x00007f2a7d9a42a0:   00000000f64245a0 00007f2a7d9a4260
0x00007f2a7d9a42b0:   00007f2a7d9a42c8 00007f2a7d9a4330
0x00007f2a7d9a42c0:   00007f2a8d17e8e1 00000000c00b5a20
0x00007f2a7d9a42d0:   0000000000001fa0 00007f2a7d9a46c0
0x00007f2a7d9a42e0:   0000000000000000 00000000ccce5838 

Instructions: (pc=0x00007f2a8ea8815a)
0x00007f2a8ea8813a:   0f 84 3f 00 00 00 8b 58 08 41 8b 53 08 48 8b 9b
0x00007f2a8ea8814a:   f0 00 00 00 48 3b d3 0f 84 28 00 00 00 8b 4b 1c
0x00007f2a8ea8815a:   48 3b 1c 0a 0f 84 1b 00 00 00 83 f9 28 0f 85 ff
0x00007f2a8ea8816a:   00 00 00 52 53 e8 2c f6 7d fe 5a 5b 83 fb 00 0f 

Register to memory mapping:

RAX=
[error occurred during error reporting (printing register info), id 0xb]

Stack: [0x00007f2a7d8a9000,0x00007f2a7d9aa000],  sp=0x00007f2a7d9a40f0,  free space=1004k
Native frames: (J=compiled Java code, j=interpreted, Vv=VM code, C=native code)
J 11957 C1 org.codehaus.groovy.runtime.ArrayUtil.createArray(Ljava/lang/Object;Ljava/lang/Object;Ljava/lang/Object;Ljava/lang/Object;)[Ljava/lang/Object; (21 bytes) @ 0x00007f2a8ea8815a [0x00007f2a8ea88040+0x11a]
j  org.codehaus.groovy.runtime.callsite.AbstractCallSite.call(Ljava/lang/Object;Ljava/lang/Object;Ljava/lang/Object;Ljava/lang/Object;Ljava/lang/Object;)Ljava/lang/Object;+43
j  evaca.Lote$$EQWHBDkm.executeQuery(Ljava/lang/String;Ljava/util/Collection;Ljava/util/Map;)Ljava/util/List;+16
j  evaca.Lote$$DQWHBDkm.executeQuery(Levaca/Lote;Ljava/lang/String;Ljava/util/Collection;Ljava/util/Map;)Ljava/util/List;+4
j  evaca.Lote.executeQuery(Ljava/lang/String;Ljava/util/Collection;Ljava/util/Map;)Ljava/util/List;+25
v  ~StubRoutines::call_stub
V  [libjvm.so+0x6020a5]  JavaCalls::call_helper(JavaValue*, methodHandle*, JavaCallArguments*, Thread*)+0x365
V  [libjvm.so+0x600b08]  JavaCalls::call(JavaValue*, methodHandle, JavaCallArguments*, Thread*)+0x28
V  [libjvm.so+0x896caf]  Reflection::invoke(instanceKlassHandle, methodHandle, Handle, bool, objArrayHandle, BasicType, objArrayHandle, bool, Thread*)+0x47f
V  [libjvm.so+0x897a60]  Reflection::invoke_method(oopDesc*, Handle, objArrayHandle, Thread*)+0x160
V  [libjvm.so+0x67e383]  JVM_InvokeMethod+0x1e3
J 2166  sun.reflect.NativeMethodAccessorImpl.invoke0(Ljava/lang/reflect/Method;Ljava/lang/Object;[Ljava/lang/Object;)Ljava/lang/Object; (0 bytes) @ 0x00007f2a8d729c2d [0x00007f2a8d729b40+0xed]
J 2165 C1 sun.reflect.NativeMethodAccessorImpl.invoke(Ljava/lang/Object;[Ljava/lang/Object;)Ljava/lang/Object; (91 bytes) @ 0x00007f2a8d729519 [0x00007f2a8d729280+0x299]
J 802 C1 sun.reflect.DelegatingMethodAccessorImpl.invoke(Ljava/lang/Object;[Ljava/lang/Object;)Ljava/lang/Object; (10 bytes) @ 0x00007f2a8d274d3e [0x00007f2a8d274d00+0x3e]
J 801 C1 java.lang.reflect.Method.invoke(Ljava/lang/Object;[Ljava/lang/Object;)Ljava/lang/Object; (63 bytes) @ 0x00007f2a8d4f768c [0x00007f2a8d4f75a0+0xec]
J 1839 C1 org.springsource.loaded.ri.ReflectiveInterceptor.jlrMethodInvoke(Ljava/lang/reflect/Method;Ljava/lang/Object;[Ljava/lang/Object;)Ljava/lang/Object; (2214 bytes) @ 0x00007f2a8d69be1d [0x00007f2a8d69a9c0+0x145d]
J 3915 C1 org.codehaus.groovy.reflection.CachedMethod.invoke(Ljava/lang/Object;[Ljava/lang/Object;)Ljava/lang/Object; (70 bytes) @ 0x00007f2a8d72f974 [0x00007f2a8d72f940+0x34]
J 3987 C1 groovy.lang.MetaClassImpl.invokeMissingMethod(Ljava/lang/Object;Ljava/lang/String;[Ljava/lang/Object;Ljava/lang/RuntimeException;Z)Ljava/lang/Object; (322 bytes) @ 0x00007f2a8dace5b3 [0x00007f2a8dacdf20+0x693]
J 3986 C1 groovy.lang.MetaClassImpl.invokePropertyOrMissing(Ljava/lang/Object;Ljava/lang/String;[Ljava/lang/Object;ZZ)Ljava/lang/Object; (157 bytes) @ 0x00007f2a8daccbc1 [0x00007f2a8dacc6c0+0x501]
J 3938 C1 groovy.lang.MetaClassImpl.invokeMethod(Ljava/lang/Class;Ljava/lang/Object;Ljava/lang/String;[Ljava/lang/Object;ZZ)Ljava/lang/Object; (1088 bytes) @ 0x00007f2a8dab2c14 [0x00007f2a8dab1a00+0x1214]
J 9202 C1 groovy.lang.ExpandoMetaClass.invokeMethod(Ljava/lang/Class;Ljava/lang/Object;Ljava/lang/String;[Ljava/lang/Object;ZZ)Ljava/lang/Object; (48 bytes) @ 0x00007f2a8e43f83a [0x00007f2a8e43f660+0x1da]
J 1837 C1 groovy.lang.MetaClassImpl.invokeMethod(Ljava/lang/Object;Ljava/lang/String;[Ljava/lang/Object;)Ljava/lang/Object; (14 bytes) @ 0x00007f2a8d69951c [0x00007f2a8d6994c0+0x5c]
J 7104 C1 org.codehaus.groovy.runtime.callsite.PogoMetaClassSite.call(Ljava/lang/Object;[Ljava/lang/Object;)Ljava/lang/Object; (95 bytes) @ 0x00007f2a8e04a47f [0x00007f2a8e04a340+0x13f]
J 3613 C1 org.codehaus.groovy.runtime.callsite.AbstractCallSite.call(Ljava/lang/Object;[Ljava/lang/Object;)Ljava/lang/Object; (7 bytes) @ 0x00007f2a8da24ba3 [0x00007f2a8da24b40+0x63]
J 4044 C1 org.codehaus.groovy.runtime.callsite.AbstractCallSite.call(Ljava/lang/Object;Ljava/lang/Object;)Ljava/lang/Object; (37 bytes) @ 0x00007f2a8d97694f [0x00007f2a8d9767e0+0x16f]
j  evaca.LoteController$$EQWHD8dk.postular_aviso(Levaca/LoteController;)Ljava/lang/Object;+266
v  ~StubRoutines::call_stub
V  [libjvm.so+0x6020a5]  JavaCalls::call_helper(JavaValue*, methodHandle*, JavaCallArguments*, Thread*)+0x365
V  [libjvm.so+0x600b08]  JavaCalls::call(JavaValue*, methodHandle, JavaCallArguments*, Thread*)+0x28
V  [libjvm.so+0x896caf]  Reflection::invoke(instanceKlassHandle, methodHandle, Handle, bool, objArrayHandle, BasicType, objArrayHandle, bool, Thread*)+0x47f
V  [libjvm.so+0x897a60]  Reflection::invoke_method(oopDesc*, Handle, objArrayHandle, Thread*)+0x160
V  [libjvm.so+0x67e383]  JVM_InvokeMethod+0x1e3
J 2166  sun.reflect.NativeMethodAccessorImpl.invoke0(Ljava/lang/reflect/Method;Ljava/lang/Object;[Ljava/lang/Object;)Ljava/lang/Object; (0 bytes) @ 0x00007f2a8d729c2d [0x00007f2a8d729b40+0xed]
J 2165 C1 sun.reflect.NativeMethodAccessorImpl.invoke(Ljava/lang/Object;[Ljava/lang/Object;)Ljava/lang/Object; (91 bytes) @ 0x00007f2a8d729519 [0x00007f2a8d729280+0x299]
J 802 C1 sun.reflect.DelegatingMethodAccessorImpl.invoke(Ljava/lang/Object;[Ljava/lang/Object;)Ljava/lang/Object; (10 bytes) @ 0x00007f2a8d274d3e [0x00007f2a8d274d00+0x3e]
J 801 C1 java.lang.reflect.Method.invoke(Ljava/lang/Object;[Ljava/lang/Object;)Ljava/lang/Object; (63 bytes) @ 0x00007f2a8d4f768c [0x00007f2a8d4f75a0+0xec]
J 13175 C1 org.springsource.loaded.ri.ReloadedTypeInvoker$2.invoke(Ljava/lang/Object;[Ljava/lang/Object;)Ljava/lang/Object; (70 bytes) @ 0x00007f2a8ecaac9e [0x00007f2a8ecaa9c0+0x2de]
J 1839 C1 org.springsource.loaded.ri.ReflectiveInterceptor.jlrMethodInvoke(Ljava/lang/reflect/Method;Ljava/lang/Object;[Ljava/lang/Object;)Ljava/lang/Object; (2214 bytes) @ 0x00007f2a8d69bf06 [0x00007f2a8d69a9c0+0x1546]
j  org.grails.core.DefaultGrailsControllerClass$ReflectionInvoker.invoke(Ljava/lang/Object;)Ljava/lang/Object;+9
j  org.grails.core.DefaultGrailsControllerClass.invoke(Ljava/lang/Object;Ljava/lang/String;)Ljava/lang/Object;+57
j  org.grails.web.mapping.mvc.UrlMappingsInfoHandlerAdapter.handle(Ljavax/servlet/http/HttpServletRequest;Ljavax/servlet/http/HttpServletResponse;Ljava/lang/Object;)Lorg/springframework/web/servlet/ModelAndView;+405
J 15781 C1 org.springframework.web.servlet.DispatcherServlet.doDispatch(Ljavax/servlet/http/HttpServletRequest;Ljavax/servlet/http/HttpServletResponse;)V (608 bytes) @ 0x00007f2a8f29a698 [0x00007f2a8f299f40+0x758]
J 15777 C1 org.springframework.web.servlet.DispatcherServlet.doService(Ljavax/servlet/http/HttpServletRequest;Ljavax/servlet/http/HttpServletResponse;)V (360 bytes) @ 0x00007f2a8f144df2 [0x00007f2a8f1444a0+0x952]
J 15216 C1 org.springframework.web.servlet.FrameworkServlet.processRequest(Ljavax/servlet/http/HttpServletRequest;Ljavax/servlet/http/HttpServletResponse;)V (314 bytes) @ 0x00007f2a8f16865d [0x00007f2a8f1682e0+0x37d]
j  org.springframework.web.servlet.FrameworkServlet.doPost(Ljavax/servlet/http/HttpServletRequest;Ljavax/servlet/http/HttpServletResponse;)V+3
J 15354 C1 javax.servlet.http.HttpServlet.service(Ljavax/servlet/http/HttpServletRequest;Ljavax/servlet/http/HttpServletResponse;)V (270 bytes) @ 0x00007f2a8f1b4d1c [0x00007f2a8f1b4660+0x6bc]
J 15215 C1 org.springframework.web.servlet.FrameworkServlet.service(Ljavax/servlet/http/HttpServletRequest;Ljavax/servlet/http/HttpServletResponse;)V (37 bytes) @ 0x00007f2a8f167c4f [0x00007f2a8f167b00+0x14f]
J 15353 C1 javax.servlet.http.HttpServlet.service(Ljavax/servlet/ServletRequest;Ljavax/servlet/ServletResponse;)V (35 bytes) @ 0x00007f2a8f1b401d [0x00007f2a8f1b3f60+0xbd]
J 10554 C1 org.apache.catalina.core.ApplicationFilterChain.internalDoFilter(Ljavax/servlet/ServletRequest;Ljavax/servlet/ServletResponse;)V (388 bytes) @ 0x00007f2a8e71016b [0x00007f2a8e70ff80+0x1eb]
J 10553 C1 org.apache.catalina.core.ApplicationFilterChain.doFilter(Ljavax/servlet/ServletRequest;Ljavax/servlet/ServletResponse;)V (105 bytes) @ 0x00007f2a8e70fb11 [0x00007f2a8e70fae0+0x31]
J 14183 C1 org.apache.tomcat.websocket.server.WsFilter.doFilter(Ljavax/servlet/ServletRequest;Ljavax/servlet/ServletResponse;Ljavax/servlet/FilterChain;)V (139 bytes) @ 0x00007f2a8ef0cf85 [0x00007f2a8ef0cc60+0x325]
J 10554 C1 org.apache.catalina.core.ApplicationFilterChain.internalDoFilter(Ljavax/servlet/ServletRequest;Ljavax/servlet/ServletResponse;)V (388 bytes) @ 0x00007f2a8e710340 [0x00007f2a8e70ff80+0x3c0]
J 10553 C1 org.apache.catalina.core.ApplicationFilterChain.doFilter(Ljavax/servlet/ServletRequest;Ljavax/servlet/ServletResponse;)V (105 bytes) @ 0x00007f2a8e70fb11 [0x00007f2a8e70fae0+0x31]
J 14182 C1 org.springframework.boot.web.filter.ApplicationContextHeaderFilter.doFilterInternal(Ljavax/servlet/http/HttpServletRequest;Ljavax/servlet/http/HttpServletResponse;Ljavax/servlet/FilterChain;)V (26 bytes) @ 0x00007f2a8ef0a98f [0x00007f2a8ef0a8c0+0xcf]
J 10540 C1 org.springframework.web.filter.OncePerRequestFilter.doFilter(Ljavax/servlet/ServletRequest;Ljavax/servlet/ServletResponse;Ljavax/servlet/FilterChain;)V (139 bytes) @ 0x00007f2a8e707785 [0x00007f2a8e707500+0x285]
J 10554 C1 org.apache.catalina.core.ApplicationFilterChain.internalDoFilter(Ljavax/servlet/ServletRequest;Ljavax/servlet/ServletResponse;)V (388 bytes) @ 0x00007f2a8e710340 [0x00007f2a8e70ff80+0x3c0]
J 10553 C1 org.apache.catalina.core.ApplicationFilterChain.doFilter(Ljavax/servlet/ServletRequest;Ljavax/servlet/ServletResponse;)V (105 bytes) @ 0x00007f2a8e70fb11 [0x00007f2a8e70fae0+0x31]
j  org.springframework.boot.actuate.trace.WebRequestTraceFilter.doFilterInternal(Ljavax/servlet/http/HttpServletRequest;Ljavax/servlet/http/HttpServletResponse;Ljavax/servlet/FilterChain;)V+25
J 10540 C1 org.springframework.web.filter.OncePerRequestFilter.doFilter(Ljavax/servlet/ServletRequest;Ljavax/servlet/ServletResponse;Ljavax/servlet/FilterChain;)V (139 bytes) @ 0x00007f2a8e707785 [0x00007f2a8e707500+0x285]
J 10554 C1 org.apache.catalina.core.ApplicationFilterChain.internalDoFilter(Ljavax/servlet/ServletRequest;Ljavax/servlet/ServletResponse;)V (388 bytes) @ 0x00007f2a8e710340 [0x00007f2a8e70ff80+0x3c0]
J 10553 C1 org.apache.catalina.core.ApplicationFilterChain.doFilter(Ljavax/servlet/ServletRequest;Ljavax/servlet/ServletResponse;)V (105 bytes) @ 0x00007f2a8e70fb11 [0x00007f2a8e70fae0+0x31]
j  org.grails.web.servlet.mvc.GrailsWebRequestFilter.doFilterInternal(Ljavax/servlet/http/HttpServletRequest;Ljavax/servlet/http/HttpServletResponse;Ljavax/servlet/FilterChain;)V+150
J 10540 C1 org.springframework.web.filter.OncePerRequestFilter.doFilter(Ljavax/servlet/ServletRequest;Ljavax/servlet/ServletResponse;Ljavax/servlet/FilterChain;)V (139 bytes) @ 0x00007f2a8e707785 [0x00007f2a8e707500+0x285]
J 10554 C1 org.apache.catalina.core.ApplicationFilterChain.internalDoFilter(Ljavax/servlet/ServletRequest;Ljavax/servlet/ServletResponse;)V (388 bytes) @ 0x00007f2a8e710340 [0x00007f2a8e70ff80+0x3c0]
J 10553 C1 org.apache.catalina.core.ApplicationFilterChain.doFilter(Ljavax/servlet/ServletRequest;Ljavax/servlet/ServletResponse;)V (105 bytes) @ 0x00007f2a8e70fb11 [0x00007f2a8e70fae0+0x31]
j  org.grails.web.filters.HiddenHttpMethodFilter.doFilterInternal(Ljavax/servlet/http/HttpServletRequest;Ljavax/servlet/http/HttpServletResponse;Ljavax/servlet/FilterChain;)V+50
J 10540 C1 org.springframework.web.filter.OncePerRequestFilter.doFilter(Ljavax/servlet/ServletRequest;Ljavax/servlet/ServletResponse;Ljavax/servlet/FilterChain;)V (139 bytes) @ 0x00007f2a8e707785 [0x00007f2a8e707500+0x285]
J 10554 C1 org.apache.catalina.core.ApplicationFilterChain.internalDoFilter(Ljavax/servlet/ServletRequest;Ljavax/servlet/ServletResponse;)V (388 bytes) @ 0x00007f2a8e710340 [0x00007f2a8e70ff80+0x3c0]
J 10553 C1 org.apache.catalina.core.ApplicationFilterChain.doFilter(Ljavax/servlet/ServletRequest;Ljavax/servlet/ServletResponse;)V (105 bytes) @ 0x00007f2a8e70fb11 [0x00007f2a8e70fae0+0x31]
j  org.springframework.web.filter.CharacterEncodingFilter.doFilterInternal(Ljavax/servlet/http/HttpServletRequest;Ljavax/servlet/http/HttpServletResponse;Ljavax/servlet/FilterChain;)V+53
J 10540 C1 org.springframework.web.filter.OncePerRequestFilter.doFilter(Ljavax/servlet/ServletRequest;Ljavax/servlet/ServletResponse;Ljavax/servlet/FilterChain;)V (139 bytes) @ 0x00007f2a8e707785 [0x00007f2a8e707500+0x285]
J 10554 C1 org.apache.catalina.core.ApplicationFilterChain.internalDoFilter(Ljavax/servlet/ServletRequest;Ljavax/servlet/ServletResponse;)V (388 bytes) @ 0x00007f2a8e710340 [0x00007f2a8e70ff80+0x3c0]
J 10553 C1 org.apache.catalina.core.ApplicationFilterChain.doFilter(Ljavax/servlet/ServletRequest;Ljavax/servlet/ServletResponse;)V (105 bytes) @ 0x00007f2a8e70fb11 [0x00007f2a8e70fae0+0x31]
j  org.springframework.web.filter.CorsFilter.doFilterInternal(Ljavax/servlet/http/HttpServletRequest;Ljavax/servlet/http/HttpServletResponse;Ljavax/servlet/FilterChain;)V+55
J 10540 C1 org.springframework.web.filter.OncePerRequestFilter.doFilter(Ljavax/servlet/ServletRequest;Ljavax/servlet/ServletResponse;Ljavax/servlet/FilterChain;)V (139 bytes) @ 0x00007f2a8e707785 [0x00007f2a8e707500+0x285]
J 10554 C1 org.apache.catalina.core.ApplicationFilterChain.internalDoFilter(Ljavax/servlet/ServletRequest;Ljavax/servlet/ServletResponse;)V (388 bytes) @ 0x00007f2a8e710340 [0x00007f2a8e70ff80+0x3c0]
J 10553 C1 org.apache.catalina.core.ApplicationFilterChain.doFilter(Ljavax/servlet/ServletRequest;Ljavax/servlet/ServletResponse;)V (105 bytes) @ 0x00007f2a8e70fb11 [0x00007f2a8e70fae0+0x31]
j  org.springframework.boot.actuate.autoconfigure.MetricsFilter.doFilterInternal(Ljavax/servlet/http/HttpServletRequest;Ljavax/servlet/http/HttpServletResponse;Ljavax/servlet/FilterChain;)V+31
J 10540 C1 org.springframework.web.filter.OncePerRequestFilter.doFilter(Ljavax/servlet/ServletRequest;Ljavax/servlet/ServletResponse;Ljavax/servlet/FilterChain;)V (139 bytes) @ 0x00007f2a8e707785 [0x00007f2a8e707500+0x285]
J 10554 C1 org.apache.catalina.core.ApplicationFilterChain.internalDoFilter(Ljavax/servlet/ServletRequest;Ljavax/servlet/ServletResponse;)V (388 bytes) @ 0x00007f2a8e710340 [0x00007f2a8e70ff80+0x3c0]
J 10553 C1 org.apache.catalina.core.ApplicationFilterChain.doFilter(Ljavax/servlet/ServletRequest;Ljavax/servlet/ServletResponse;)V (105 bytes) @ 0x00007f2a8e70fb11 [0x00007f2a8e70fae0+0x31]
j  org.apache.catalina.core.StandardWrapperValve.invoke(Lorg/apache/catalina/connector/Request;Lorg/apache/catalina/connector/Response;)V+688
j  org.apache.catalina.core.StandardContextValve.invoke(Lorg/apache/catalina/connector/Request;Lorg/apache/catalina/connector/Response;)V+166
j  org.apache.catalina.authenticator.AuthenticatorBase.invoke(Lorg/apache/catalina/connector/Request;Lorg/apache/catalina/connector/Response;)V+275
j  org.apache.catalina.core.StandardHostValve.invoke(Lorg/apache/catalina/connector/Request;Lorg/apache/catalina/connector/Response;)V+135
j  org.apache.catalina.valves.ErrorReportValve.invoke(Lorg/apache/catalina/connector/Request;Lorg/apache/catalina/connector/Response;)V+6
j  org.apache.catalina.core.StandardEngineValve.invoke(Lorg/apache/catalina/connector/Request;Lorg/apache/catalina/connector/Response;)V+71
J 15603 C1 org.apache.catalina.connector.CoyoteAdapter.service(Lorg/apache/coyote/Request;Lorg/apache/coyote/Response;)V (605 bytes) @ 0x00007f2a8f24e99b [0x00007f2a8f24e300+0x69b]
J 15602 C1 org.apache.coyote.http11.Http11Processor.service(Lorg/apache/tomcat/util/net/SocketWrapperBase;)Lorg/apache/tomcat/util/net/AbstractEndpoint$Handler$SocketState; (1251 bytes) @ 0x00007f2a8f2422e6 [0x00007f2a8f241680+0xc66]
J 14922 C1 org.apache.coyote.AbstractProcessorLight.process(Lorg/apache/tomcat/util/net/SocketWrapperBase;Lorg/apache/tomcat/util/net/SocketEvent;)Lorg/apache/tomcat/util/net/AbstractEndpoint$Handler$SocketState; (234 bytes) @ 0x00007f2a8f0a3412 [0x00007f2a8f0a31e0+0x232]
J 15214 C1 org.apache.coyote.AbstractProtocol$ConnectionHandler.process(Lorg/apache/tomcat/util/net/SocketWrapperBase;Lorg/apache/tomcat/util/net/SocketEvent;)Lorg/apache/tomcat/util/net/AbstractEndpoint$Handler$SocketState; (1184 bytes) @ 0x00007f2a8f158921 [0x00007f2a8f157d20+0xc01]
J 14837 C1 org.apache.tomcat.util.net.NioEndpoint$SocketProcessor.doRun()V (526 bytes) @ 0x00007f2a8f07880d [0x00007f2a8f0784a0+0x36d]
J 14835 C1 org.apache.tomcat.util.net.SocketProcessorBase.run()V (35 bytes) @ 0x00007f2a8f077aa5 [0x00007f2a8f077940+0x165]
j  java.util.concurrent.ThreadPoolExecutor.runWorker(Ljava/util/concurrent/ThreadPoolExecutor$Worker;)V+95
j  java.util.concurrent.ThreadPoolExecutor$Worker.run()V+5
j  org.apache.tomcat.util.threads.TaskThread$WrappingRunnable.run()V+4
j  java.lang.Thread.run()V+11
v  ~StubRoutines::call_stub
V  [libjvm.so+0x6020a5]  JavaCalls::call_helper(JavaValue*, methodHandle*, JavaCallArguments*, Thread*)+0x365
V  [libjvm.so+0x600b08]  JavaCalls::call(JavaValue*, methodHandle, JavaCallArguments*, Thread*)+0x28
...<more frames>...


---------------  P R O C E S S  ---------------

Java Threads: ( => current thread )
  0x00000000017a0800 JavaThread "Thread-11" daemon [_thread_blocked, id=5378, stack(0x00007f2a7d4a5000,0x00007f2a7d5a6000)]
  0x000000000178a800 JavaThread "http-nio-8080-exec-10" daemon [_thread_blocked, id=5376, stack(0x00007f2a7d5a6000,0x00007f2a7d6a7000)]
  0x0000000001789000 JavaThread "http-nio-8080-exec-9" daemon [_thread_blocked, id=5375, stack(0x00007f2a7d6a7000,0x00007f2a7d7a8000)]
  0x0000000001787000 JavaThread "http-nio-8080-exec-8" daemon [_thread_blocked, id=5374, stack(0x00007f2a7d7a8000,0x00007f2a7d8a9000)]
=>0x0000000001785800 JavaThread "http-nio-8080-exec-7" daemon [_thread_in_Java, id=5373, stack(0x00007f2a7d8a9000,0x00007f2a7d9aa000)]
  0x0000000001783800 JavaThread "http-nio-8080-exec-6" daemon [_thread_blocked, id=5372, stack(0x00007f2a7d9aa000,0x00007f2a7daab000)]
  0x0000000001781800 JavaThread "http-nio-8080-exec-5" daemon [_thread_blocked, id=5371, stack(0x00007f2a7daab000,0x00007f2a7dbac000)]
  0x000000000177d800 JavaThread "http-nio-8080-exec-4" daemon [_thread_blocked, id=5370, stack(0x00007f2a7dbac000,0x00007f2a7dcad000)]
  0x000000000177c000 JavaThread "http-nio-8080-exec-3" daemon [_thread_blocked, id=5369, stack(0x00007f2a7dcad000,0x00007f2a7ddae000)]
  0x000000000177a800 JavaThread "http-nio-8080-exec-2" daemon [_thread_blocked, id=5368, stack(0x00007f2a7ddae000,0x00007f2a7deaf000)]
  0x0000000001778000 JavaThread "http-nio-8080-exec-1" daemon [_thread_blocked, id=5367, stack(0x00007f2a7deaf000,0x00007f2a7dfb0000)]
  0x00007f2a94016800 JavaThread "DestroyJavaVM" [_thread_blocked, id=5333, stack(0x00007f2a9a1a9000,0x00007f2a9a2aa000)]
  0x00007f2a95843000 JavaThread "Thread-8" daemon [_thread_blocked, id=5361, stack(0x00007f2a7dfb0000,0x00007f2a7e0b1000)]
  0x00007f2a95840000 JavaThread "Thread-10" [_thread_blocked, id=5360, stack(0x00007f2a7e0b1000,0x00007f2a7e1b2000)]
  0x00007f2a95883000 JavaThread "Thread-9" daemon [_thread_in_native, id=5359, stack(0x00007f2a7e1b2000,0x00007f2a7e2b3000)]
  0x00007f2a95876800 JavaThread "http-nio-8080-AsyncTimeout" daemon [_thread_blocked, id=5358, stack(0x00007f2a7e2b3000,0x00007f2a7e3b4000)]
  0x00007f2a95875800 JavaThread "http-nio-8080-Acceptor-0" daemon [_thread_in_native, id=5357, stack(0x00007f2a7e3b4000,0x00007f2a7e4b5000)]
  0x00007f2a95865800 JavaThread "http-nio-8080-ClientPoller-0" daemon [_thread_in_native, id=5356, stack(0x00007f2a7e4b5000,0x00007f2a7e5b6000)]
  0x00007f2a95860000 JavaThread "NioBlockingSelector.BlockPoller-1" daemon [_thread_in_native, id=5355, stack(0x00007f2a7f1e2000,0x00007f2a7f2e3000)]
  0x00007f2a95801000 JavaThread "Java2D Disposer" daemon [_thread_blocked, id=5353, stack(0x00007f2a7f0d2000,0x00007f2a7f1d3000)]
  0x00007f2a9558e800 JavaThread "container-0" [_thread_blocked, id=5352, stack(0x00007f2a7ecce000,0x00007f2a7edcf000)]
  0x00007f2a9558b800 JavaThread "ContainerBackgroundProcessor[StandardEngine[Tomcat]]" daemon [_thread_blocked, id=5351, stack(0x00007f2a7edcf000,0x00007f2a7eed0000)]
  0x00007f2a7838b800 JavaThread "__DEFAULT__" daemon [_thread_blocked, id=5348, stack(0x00007f2a7eed0000,0x00007f2a7efd1000)]
  0x00007f2a7807a000 JavaThread "Tomcat JDBC Pool Cleaner[443883844:1506367556291]" daemon [_thread_blocked, id=5347, stack(0x00007f2a7efd1000,0x00007f2a7f0d2000)]
  0x00007f2a947e3800 JavaThread "FileSystemWatcher: files=#237 cl=sun.misc.Launcher$AppClassLoader@1a752144" daemon [_thread_blocked, id=5343, stack(0x00007f2a7f913000,0x00007f2a7fa14000)]
  0x00007f2a9477e800 JavaThread "Service Thread" daemon [_thread_blocked, id=5341, stack(0x00007f2a7fb1f000,0x00007f2a7fc20000)]
  0x00007f2a9476e000 JavaThread "C1 CompilerThread2" daemon [_thread_blocked, id=5340, stack(0x00007f2a7fc20000,0x00007f2a7fd21000)]
  0x00007f2a9476b800 JavaThread "C2 CompilerThread1" daemon [_thread_blocked, id=5339, stack(0x00007f2a7fd21000,0x00007f2a7fe22000)]
  0x00007f2a94775800 JavaThread "C2 CompilerThread0" daemon [_thread_blocked, id=5338, stack(0x00007f2a7fe22000,0x00007f2a7ff23000)]
  0x00007f2a940bb000 JavaThread "Signal Dispatcher" daemon [_thread_blocked, id=5337, stack(0x00007f2a8c4a9000,0x00007f2a8c5aa000)]
  0x00007f2a9409a000 JavaThread "Finalizer" daemon [_thread_blocked, id=5336, stack(0x00007f2a8c873000,0x00007f2a8c974000)]
  0x00007f2a94098000 JavaThread "Reference Handler" daemon [_thread_blocked, id=5335, stack(0x00007f2a8c974000,0x00007f2a8ca75000)]

Other Threads:
  0x00007f2a94094000 VMThread [stack: 0x00007f2a8ca75000,0x00007f2a8cb76000] [id=5334]
  0x00007f2a94789800 WatcherThread [stack: 0x00007f2a7fa1e000,0x00007f2a7fb1f000] [id=5342]

VM state:not at safepoint (normal execution)

VM Mutex/Monitor currently owned by a thread: None

Heap
 def new generation   total 235968K, used 8500K [0x00000000c0000000, 0x00000000d0000000, 0x00000000d0000000)
  eden space 209792K,   1% used [0x00000000c0000000, 0x00000000c02e26f8, 0x00000000ccce0000)
  from space 26176K,  21% used [0x00000000ccce0000, 0x00000000cd24a910, 0x00000000ce670000)
  to   space 26176K,   0% used [0x00000000ce670000, 0x00000000ce670000, 0x00000000d0000000)
 tenured generation   total 524288K, used 181334K [0x00000000d0000000, 0x00000000f0000000, 0x00000000f0000000)
   the space 524288K,  34% used [0x00000000d0000000, 0x00000000db115be0, 0x00000000db115c00, 0x00000000f0000000)
 compacting perm gen  total 103680K, used 103604K [0x00000000f0000000, 0x00000000f6540000, 0x0000000100000000)
   the space 103680K,  99% used [0x00000000f0000000, 0x00000000f652d068, 0x00000000f652d200, 0x00000000f6540000)
No shared spaces configured.

Card table byte_map: [0x00007f2a8cdf7000,0x00007f2a8cff8000] byte_map_base: 0x00007f2a8c7f7000

Polling page: 0x00007f2a9a2bf000

Code Cache  [0x00007f2a8d178000, 0x00007f2a8f2d8000, 0x00007f2a93178000)
 total_blobs=16153 nmethods=15386 adapters=697 free_code_cache=64206Kb largest_free_block=65680896

Compilation events (10 events):
Event: 9178.170 Thread 0x00007f2a9476e000 15931       1       org.grails.web.servlet.mvc.GrailsWebRequest::setActionName (14 bytes)
Event: 9178.170 Thread 0x00007f2a9476e000 nmethod 15931 0x00007f2a8f2ced10 code [0x00007f2a8f2cee80, 0x00007f2a8f2cf000]
Event: 9178.226 Thread 0x00007f2a9476e000 15932   !   1       org.springframework.beans.factory.annotation.AutowiredAnnotationBeanPostProcessor$AutowiredMethodElement::inject (457 bytes)
Event: 9178.265 Thread 0x00007f2a9476e000 nmethod 15932 0x00007f2a8f2cf090 code [0x00007f2a8f2cf3e0, 0x00007f2a8f2d08f8]
Event: 9178.268 Thread 0x00007f2a9476e000 15933   !   1       org.springframework.beans.factory.annotation.InjectionMetadata$InjectedElement::checkPropertySkipping (123 bytes)
Event: 9178.269 Thread 0x00007f2a9476e000 nmethod 15933 0x00007f2a8f2d25d0 code [0x00007f2a8f2d27a0, 0x00007f2a8f2d2e60]
Event: 9178.305 Thread 0x00007f2a9476e000 15934       1       org.springframework.beans.TypeConverterDelegate::convertToTypedArray (222 bytes)
Event: 9178.306 Thread 0x00007f2a9476e000 nmethod 15934 0x00007f2a8f2d32d0 code [0x00007f2a8f2d3580, 0x00007f2a8f2d3c78]
Event: 9178.312 Thread 0x00007f2a9476e000 15935       1       org.hibernate.proxy.AbstractLazyInitializer::errorIfReadOnlySettingNotAvailable (42 bytes)
Event: 9178.341 Thread 0x00007f2a9476e000 nmethod 15935 0x00007f2a8f2d43d0 code [0x00007f2a8f2d4560, 0x00007f2a8f2d4870]

GC Heap History (10 events):
Event: 8831.929 GC heap before
{Heap before GC invocations=81 (full 3):
 def new generation   total 235968K, used 223171K [0x00000000c0000000, 0x00000000d0000000, 0x00000000d0000000)
  eden space 209792K, 100% used [0x00000000c0000000, 0x00000000ccce0000, 0x00000000ccce0000)
  from space 26176K,  51% used [0x00000000ccce0000, 0x00000000cd9f0dc8, 0x00000000ce670000)
  to   space 26176K,   0% used [0x00000000ce670000, 0x00000000ce670000, 0x00000000d0000000)
 tenured generation   total 524288K, used 191260K [0x00000000d0000000, 0x00000000f0000000, 0x00000000f0000000)
   the space 524288K,  36% used [0x00000000d0000000, 0x00000000dbac7130, 0x00000000dbac7200, 0x00000000f0000000)
 compacting perm gen  total 119104K, used 118989K [0x00000000f0000000, 0x00000000f7450000, 0x0000000100000000)
   the space 119104K,  99% used [0x00000000f0000000, 0x00000000f7433720, 0x00000000f7433800, 0x00000000f7450000)
No shared spaces configured.
Event: 8832.208 GC heap after
Heap after GC invocations=82 (full 3):
 def new generation   total 235968K, used 14596K [0x00000000c0000000, 0x00000000d0000000, 0x00000000d0000000)
  eden space 209792K,   0% used [0x00000000c0000000, 0x00000000c0000000, 0x00000000ccce0000)
  from space 26176K,  55% used [0x00000000ce670000, 0x00000000cf4b1088, 0x00000000d0000000)
  to   space 26176K,   0% used [0x00000000ccce0000, 0x00000000ccce0000, 0x00000000ce670000)
 tenured generation   total 524288K, used 192094K [0x00000000d0000000, 0x00000000f0000000, 0x00000000f0000000)
   the space 524288K,  36% used [0x00000000d0000000, 0x00000000dbb97970, 0x00000000dbb97a00, 0x00000000f0000000)
 compacting perm gen  total 119104K, used 118989K [0x00000000f0000000, 0x00000000f7450000, 0x0000000100000000)
   the space 119104K,  99% used [0x00000000f0000000, 0x00000000f7433720, 0x00000000f7433800, 0x00000000f7450000)
No shared spaces configured.
}
Event: 8840.267 GC heap before
{Heap before GC invocations=82 (full 3):
 def new generation   total 235968K, used 224388K [0x00000000c0000000, 0x00000000d0000000, 0x00000000d0000000)
  eden space 209792K, 100% used [0x00000000c0000000, 0x00000000ccce0000, 0x00000000ccce0000)
  from space 26176K,  55% used [0x00000000ce670000, 0x00000000cf4b1088, 0x00000000d0000000)
  to   space 26176K,   0% used [0x00000000ccce0000, 0x00000000ccce0000, 0x00000000ce670000)
 tenured generation   total 524288K, used 192094K [0x00000000d0000000, 0x00000000f0000000, 0x00000000f0000000)
   the space 524288K,  36% used [0x00000000d0000000, 0x00000000dbb97970, 0x00000000dbb97a00, 0x00000000f0000000)
 compacting perm gen  total 119744K, used 119631K [0x00000000f0000000, 0x00000000f74f0000, 0x0000000100000000)
   the space 119744K,  99% used [0x00000000f0000000, 0x00000000f74d3f70, 0x00000000f74d4000, 0x00000000f74f0000)
No shared spaces configured.
Event: 8841.228 GC heap after
Heap after GC invocations=83 (full 3):
 def new generation   total 235968K, used 20909K [0x00000000c0000000, 0x00000000d0000000, 0x00000000d0000000)
  eden space 209792K,   0% used [0x00000000c0000000, 0x00000000c0000000, 0x00000000ccce0000)
  from space 26176K,  79% used [0x00000000ccce0000, 0x00000000ce14b698, 0x00000000ce670000)
  to   space 26176K,   0% used [0x00000000ce670000, 0x00000000ce670000, 0x00000000d0000000)
 tenured generation   total 524288K, used 193668K [0x00000000d0000000, 0x00000000f0000000, 0x00000000f0000000)
   the space 524288K,  36% used [0x00000000d0000000, 0x00000000dbd21080, 0x00000000dbd21200, 0x00000000f0000000)
 compacting perm gen  total 119744K, used 119631K [0x00000000f0000000, 0x00000000f74f0000, 0x0000000100000000)
   the space 119744K,  99% used [0x00000000f0000000, 0x00000000f74d3f70, 0x00000000f74d4000, 0x00000000f74f0000)
No shared spaces configured.
}
Event: 9127.008 GC heap before
{Heap before GC invocations=83 (full 3):
 def new generation   total 235968K, used 190827K [0x00000000c0000000, 0x00000000d0000000, 0x00000000d0000000)
  eden space 209792K,  80% used [0x00000000c0000000, 0x00000000ca5ef758, 0x00000000ccce0000)
  from space 26176K,  79% used [0x00000000ccce0000, 0x00000000ce14b698, 0x00000000ce670000)
  to   space 26176K,   0% used [0x00000000ce670000, 0x00000000ce670000, 0x00000000d0000000)
 tenured generation   total 524288K, used 193668K [0x00000000d0000000, 0x00000000f0000000, 0x00000000f0000000)
   the space 524288K,  36% used [0x00000000d0000000, 0x00000000dbd21080, 0x00000000dbd21200, 0x00000000f0000000)
 compacting perm gen  total 120064K, used 120063K [0x00000000f0000000, 0x00000000f7540000, 0x0000000100000000)
   the space 120064K,  99% used [0x00000000f0000000, 0x00000000f753ff78, 0x00000000f7540000, 0x00000000f7540000)
No shared spaces configured.
Event: 9130.066 GC heap after
Heap after GC invocations=84 (full 4):
 def new generation   total 235968K, used 0K [0x00000000c0000000, 0x00000000d0000000, 0x00000000d0000000)
  eden space 209792K,   0% used [0x00000000c0000000, 0x00000000c0000000, 0x00000000ccce0000)
  from space 26176K,   0% used [0x00000000ccce0000, 0x00000000ccce0000, 0x00000000ce670000)
  to   space 26176K,   0% used [0x00000000ce670000, 0x00000000ce670000, 0x00000000d0000000)
 tenured generation   total 524288K, used 181334K [0x00000000d0000000, 0x00000000f0000000, 0x00000000f0000000)
   the space 524288K,  34% used [0x00000000d0000000, 0x00000000db115be0, 0x00000000db115c00, 0x00000000f0000000)
 compacting perm gen  total 102080K, used 101777K [0x00000000f0000000, 0x00000000f63b0000, 0x0000000100000000)
   the space 102080K,  99% used [0x00000000f0000000, 0x00000000f63646f8, 0x00000000f6364800, 0x00000000f63b0000)
No shared spaces configured.
}
Event: 9168.417 GC heap before
{Heap before GC invocations=84 (full 4):
 def new generation   total 235968K, used 209792K [0x00000000c0000000, 0x00000000d0000000, 0x00000000d0000000)
  eden space 209792K, 100% used [0x00000000c0000000, 0x00000000ccce0000, 0x00000000ccce0000)
  from space 26176K,   0% used [0x00000000ccce0000, 0x00000000ccce0000, 0x00000000ce670000)
  to   space 26176K,   0% used [0x00000000ce670000, 0x00000000ce670000, 0x00000000d0000000)
 tenured generation   total 524288K, used 181334K [0x00000000d0000000, 0x00000000f0000000, 0x00000000f0000000)
   the space 524288K,  34% used [0x00000000d0000000, 0x00000000db115be0, 0x00000000db115c00, 0x00000000f0000000)
 compacting perm gen  total 102400K, used 102212K [0x00000000f0000000, 0x00000000f6400000, 0x0000000100000000)
   the space 102400K,  99% used [0x00000000f0000000, 0x00000000f63d1010, 0x00000000f63d1200, 0x00000000f6400000)
No shared spaces configured.
Event: 9168.427 GC heap after
Heap after GC invocations=85 (full 4):
 def new generation   total 235968K, used 4202K [0x00000000c0000000, 0x00000000d0000000, 0x00000000d0000000)
  eden space 209792K,   0% used [0x00000000c0000000, 0x00000000c0000000, 0x00000000ccce0000)
  from space 26176K,  16% used [0x00000000ce670000, 0x00000000cea8aa98, 0x00000000d0000000)
  to   space 26176K,   0% used [0x00000000ccce0000, 0x00000000ccce0000, 0x00000000ce670000)
 tenured generation   total 524288K, used 181334K [0x00000000d0000000, 0x00000000f0000000, 0x00000000f0000000)
   the space 524288K,  34% used [0x00000000d0000000, 0x00000000db115be0, 0x00000000db115c00, 0x00000000f0000000)
 compacting perm gen  total 102400K, used 102212K [0x00000000f0000000, 0x00000000f6400000, 0x0000000100000000)
   the space 102400K,  99% used [0x00000000f0000000, 0x00000000f63d1010, 0x00000000f63d1200, 0x00000000f6400000)
No shared spaces configured.
}
Event: 9178.272 GC heap before
{Heap before GC invocations=85 (full 4):
 def new generation   total 235968K, used 213994K [0x00000000c0000000, 0x00000000d0000000, 0x00000000d0000000)
  eden space 209792K, 100% used [0x00000000c0000000, 0x00000000ccce0000, 0x00000000ccce0000)
  from space 26176K,  16% used [0x00000000ce670000, 0x00000000cea8aa98, 0x00000000d0000000)
  to   space 26176K,   0% used [0x00000000ccce0000, 0x00000000ccce0000, 0x00000000ce670000)
 tenured generation   total 524288K, used 181334K [0x00000000d0000000, 0x00000000f0000000, 0x00000000f0000000)
   the space 524288K,  34% used [0x00000000d0000000, 0x00000000db115be0, 0x00000000db115c00, 0x00000000f0000000)
 compacting perm gen  total 103680K, used 103600K [0x00000000f0000000, 0x00000000f6540000, 0x0000000100000000)
   the space 103680K,  99% used [0x00000000f0000000, 0x00000000f652c1b0, 0x00000000f652c200, 0x00000000f6540000)
No shared spaces configured.
Event: 9178.305 GC heap after
Heap after GC invocations=86 (full 4):
 def new generation   total 235968K, used 5546K [0x00000000c0000000, 0x00000000d0000000, 0x00000000d0000000)
  eden space 209792K,   0% used [0x00000000c0000000, 0x00000000c0000000, 0x00000000ccce0000)
  from space 26176K,  21% used [0x00000000ccce0000, 0x00000000cd24a910, 0x00000000ce670000)
  to   space 26176K,   0% used [0x00000000ce670000, 0x00000000ce670000, 0x00000000d0000000)
 tenured generation   total 524288K, used 181334K [0x00000000d0000000, 0x00000000f0000000, 0x00000000f0000000)
   the space 524288K,  34% used [0x00000000d0000000, 0x00000000db115be0, 0x00000000db115c00, 0x00000000f0000000)
 compacting perm gen  total 103680K, used 103600K [0x00000000f0000000, 0x00000000f6540000, 0x0000000100000000)
   the space 103680K,  99% used [0x00000000f0000000, 0x00000000f652c1b0, 0x00000000f652c200, 0x00000000f6540000)
No shared spaces configured.
}

Deoptimization events (0 events):
No events

Internal exceptions (10 events):
Event: 9178.315 Thread 0x0000000001785800 Threw 0x00000000c025a760 at /HUDSON/workspace/7u-2-build-linux-amd64/jdk7u80/2329/hotspot/src/share/vm/prims/jvm.cpp:1319
Event: 9178.316 Thread 0x0000000001785800 Threw 0x00000000c0260ba8 at /HUDSON/workspace/7u-2-build-linux-amd64/jdk7u80/2329/hotspot/src/share/vm/prims/jvm.cpp:1319
Event: 9178.316 Thread 0x0000000001785800 Threw 0x00000000c027bd00 at /HUDSON/workspace/7u-2-build-linux-amd64/jdk7u80/2329/hotspot/src/share/vm/prims/jvm.cpp:1319
Event: 9178.316 Thread 0x0000000001785800 Threw 0x00000000c0282c70 at /HUDSON/workspace/7u-2-build-linux-amd64/jdk7u80/2329/hotspot/src/share/vm/runtime/sharedRuntime.cpp:591
Event: 9178.316 Thread 0x0000000001785800 Threw 0x00000000c0284200 at /HUDSON/workspace/7u-2-build-linux-amd64/jdk7u80/2329/hotspot/src/share/vm/prims/jvm.cpp:1319
Event: 9178.316 Thread 0x0000000001785800 Threw 0x00000000c029b490 at /HUDSON/workspace/7u-2-build-linux-amd64/jdk7u80/2329/hotspot/src/share/vm/prims/jvm.cpp:1319
Event: 9178.316 Thread 0x0000000001785800 Threw 0x00000000c02a2518 at /HUDSON/workspace/7u-2-build-linux-amd64/jdk7u80/2329/hotspot/src/share/vm/prims/jvm.cpp:1319
Event: 9178.317 Thread 0x0000000001785800 Threw 0x00000000c02b7f40 at /HUDSON/workspace/7u-2-build-linux-amd64/jdk7u80/2329/hotspot/src/share/vm/prims/jvm.cpp:1319
Event: 9178.343 Thread 0x0000000001785800 Threw 0x00000000c02bd2f8 at /HUDSON/workspace/7u-2-build-linux-amd64/jdk7u80/2329/hotspot/src/share/vm/prims/jvm.cpp:1319
Event: 9178.388 Thread 0x0000000001785800 Implicit null exception at 0x00007f2a8ea8815a to 0x0000000000000000

Events (10 events):
Event: 9178.315 loading class 0x00007f2a740a8f20
Event: 9178.315 loading class 0x00007f2a740a8f20 done
Event: 9178.316 loading class 0x00007f2a7411d0d0
Event: 9178.316 loading class 0x00007f2a7411d0d0 done
Event: 9178.316 loading class 0x00007f2a74116f20
Event: 9178.316 loading class 0x00007f2a74116f20 done
Event: 9178.316 loading class 0x00007f2a7411fbf0
Event: 9178.316 loading class 0x00007f2a7411fbf0 done
Event: 9178.343 loading class 0x00007f2a949387f0
Event: 9178.343 loading class 0x00007f2a949387f0 done


Dynamic libraries:
00400000-00401000 r-xp 00000000 08:01 3938787                            /usr/lib/jvm/java-7-oracle/bin/java
00600000-00601000 rw-p 00000000 08:01 3938787                            /usr/lib/jvm/java-7-oracle/bin/java
01770000-0180d000 rw-p 00000000 00:00 0                                  [heap]
c0000000-f6540000 rw-p 00000000 00:00 0 
f6540000-f7540000 ---p 00000000 00:00 0 
f7540000-100000000 rw-p 00000000 00:00 0 
7f2a6c000000-7f2a6c25c000 rw-p 00000000 00:00 0 
7f2a6c25c000-7f2a70000000 ---p 00000000 00:00 0 
7f2a70000000-7f2a71071000 rw-p 00000000 00:00 0 
7f2a71071000-7f2a74000000 ---p 00000000 00:00 0 
7f2a74000000-7f2a74388000 rw-p 00000000 00:00 0 
7f2a74388000-7f2a78000000 ---p 00000000 00:00 0 
7f2a78000000-7f2a7854f000 rw-p 00000000 00:00 0 
7f2a7854f000-7f2a7c000000 ---p 00000000 00:00 0 
7f2a7d4a4000-7f2a7d4a5000 rw-p 00000000 00:00 0 
7f2a7d4a5000-7f2a7d4a8000 ---p 00000000 00:00 0 
7f2a7d4a8000-7f2a7d5a6000 rw-p 00000000 00:00 0                          [stack:5378]
7f2a7d5a6000-7f2a7d5a9000 ---p 00000000 00:00 0 
7f2a7d5a9000-7f2a7d6a7000 rw-p 00000000 00:00 0                          [stack:5376]
7f2a7d6a7000-7f2a7d6aa000 ---p 00000000 00:00 0 
7f2a7d6aa000-7f2a7d7a8000 rw-p 00000000 00:00 0                          [stack:5375]
7f2a7d7a8000-7f2a7d7ab000 ---p 00000000 00:00 0 
7f2a7d7ab000-7f2a7d8a9000 rw-p 00000000 00:00 0                          [stack:5374]
7f2a7d8a9000-7f2a7d8ac000 ---p 00000000 00:00 0 
7f2a7d8ac000-7f2a7d9aa000 rw-p 00000000 00:00 0                          [stack:5373]
7f2a7d9aa000-7f2a7d9ad000 ---p 00000000 00:00 0 
7f2a7d9ad000-7f2a7daab000 rw-p 00000000 00:00 0                          [stack:5372]
7f2a7daab000-7f2a7daae000 ---p 00000000 00:00 0 
7f2a7daae000-7f2a7dbac000 rw-p 00000000 00:00 0                          [stack:5371]
7f2a7dbac000-7f2a7dbaf000 ---p 00000000 00:00 0 
7f2a7dbaf000-7f2a7dcad000 rw-p 00000000 00:00 0                          [stack:5370]
7f2a7dcad000-7f2a7dcb0000 ---p 00000000 00:00 0 
7f2a7dcb0000-7f2a7ddae000 rw-p 00000000 00:00 0                          [stack:5369]
7f2a7ddae000-7f2a7ddb1000 ---p 00000000 00:00 0 
7f2a7ddb1000-7f2a7deaf000 rw-p 00000000 00:00 0                          [stack:5368]
7f2a7deaf000-7f2a7deb2000 ---p 00000000 00:00 0 
7f2a7deb2000-7f2a7dfb0000 rw-p 00000000 00:00 0                          [stack:5367]
7f2a7dfb0000-7f2a7dfb3000 ---p 00000000 00:00 0 
7f2a7dfb3000-7f2a7e0b1000 rw-p 00000000 00:00 0                          [stack:5361]
7f2a7e0b1000-7f2a7e0b4000 ---p 00000000 00:00 0 
7f2a7e0b4000-7f2a7e1b2000 rw-p 00000000 00:00 0                          [stack:5360]
7f2a7e1b2000-7f2a7e1b5000 ---p 00000000 00:00 0 
7f2a7e1b5000-7f2a7e2b3000 rw-p 00000000 00:00 0                          [stack:5359]
7f2a7e2b3000-7f2a7e2b6000 ---p 00000000 00:00 0 
7f2a7e2b6000-7f2a7e3b4000 rw-p 00000000 00:00 0                          [stack:5358]
7f2a7e3b4000-7f2a7e3b7000 ---p 00000000 00:00 0 
7f2a7e3b7000-7f2a7e4b5000 rw-p 00000000 00:00 0                          [stack:5357]
7f2a7e4b5000-7f2a7e4b8000 ---p 00000000 00:00 0 
7f2a7e4b8000-7f2a7e5b6000 rw-p 00000000 00:00 0                          [stack:5356]
7f2a7e5b6000-7f2a7e5f0000 r-xp 00000000 08:01 3943053                    /usr/lib/jvm/java-7-oracle/jre/lib/amd64/libjpeg.so
7f2a7e5f0000-7f2a7e7f0000 ---p 0003a000 08:01 3943053                    /usr/lib/jvm/java-7-oracle/jre/lib/amd64/libjpeg.so
7f2a7e7f0000-7f2a7e7f1000 rw-p 0003a000 08:01 3943053                    /usr/lib/jvm/java-7-oracle/jre/lib/amd64/libjpeg.so
7f2a7e7f1000-7f2a7e7f7000 r-xp 00000000 08:01 3943044                    /usr/lib/jvm/java-7-oracle/jre/lib/amd64/headless/libmawt.so
7f2a7e7f7000-7f2a7e9f7000 ---p 00006000 08:01 3943044                    /usr/lib/jvm/java-7-oracle/jre/lib/amd64/headless/libmawt.so
7f2a7e9f7000-7f2a7e9f8000 rw-p 00006000 08:01 3943044                    /usr/lib/jvm/java-7-oracle/jre/lib/amd64/headless/libmawt.so
7f2a7e9f8000-7f2a7ea9a000 r-xp 00000000 08:01 3943028                    /usr/lib/jvm/java-7-oracle/jre/lib/amd64/libawt.so
7f2a7ea9a000-7f2a7ec9a000 ---p 000a2000 08:01 3943028                    /usr/lib/jvm/java-7-oracle/jre/lib/amd64/libawt.so
7f2a7ec9a000-7f2a7eca6000 rw-p 000a2000 08:01 3943028                    /usr/lib/jvm/java-7-oracle/jre/lib/amd64/libawt.so
7f2a7eca6000-7f2a7ecca000 rw-p 00000000 00:00 0 
7f2a7ecca000-7f2a7ecce000 r--s 000f7000 08:01 3943081                    /usr/lib/jvm/java-7-oracle/jre/lib/ext/localedata.jar
7f2a7ecce000-7f2a7ecd1000 ---p 00000000 00:00 0 
7f2a7ecd1000-7f2a7edcf000 rw-p 00000000 00:00 0                          [stack:5352]
7f2a7edcf000-7f2a7edd2000 ---p 00000000 00:00 0 
7f2a7edd2000-7f2a7eed0000 rw-p 00000000 00:00 0                          [stack:5351]
7f2a7eed0000-7f2a7eed3000 ---p 00000000 00:00 0 
7f2a7eed3000-7f2a7efd1000 rw-p 00000000 00:00 0                          [stack:5348]
7f2a7efd1000-7f2a7efd4000 ---p 00000000 00:00 0 
7f2a7efd4000-7f2a7f0d2000 rw-p 00000000 00:00 0                          [stack:5347]
7f2a7f0d2000-7f2a7f0d5000 ---p 00000000 00:00 0 
7f2a7f0d5000-7f2a7f1d3000 rw-p 00000000 00:00 0                          [stack:5353]
7f2a7f1d3000-7f2a7f1d7000 r--s 0008b000 08:01 3942952                    /usr/lib/jvm/java-7-oracle/jre/lib/jsse.jar
7f2a7f1d7000-7f2a7f1e2000 r--s 0037c000 08:01 3943003                    /usr/lib/jvm/java-7-oracle/jre/lib/charsets.jar
7f2a7f1e2000-7f2a7f1e5000 ---p 00000000 00:00 0 
7f2a7f1e5000-7f2a7f2e3000 rw-p 00000000 00:00 0                          [stack:5355]
7f2a7f2e3000-7f2a7f2eb000 r-xp 00000000 08:01 3943037                    /usr/lib/jvm/java-7-oracle/jre/lib/amd64/libmanagement.so
7f2a7f2eb000-7f2a7f4ea000 ---p 00008000 08:01 3943037                    /usr/lib/jvm/java-7-oracle/jre/lib/amd64/libmanagement.so
7f2a7f4ea000-7f2a7f4eb000 rw-p 00007000 08:01 3943037                    /usr/lib/jvm/java-7-oracle/jre/lib/amd64/libmanagement.so
7f2a7f4eb000-7f2a7f4fb000 r-xp 00000000 08:01 3943041                    /usr/lib/jvm/java-7-oracle/jre/lib/amd64/libnio.so
7f2a7f4fb000-7f2a7f6fb000 ---p 00010000 08:01 3943041                    /usr/lib/jvm/java-7-oracle/jre/lib/amd64/libnio.so
7f2a7f6fb000-7f2a7f6fc000 rw-p 00010000 08:01 3943041                    /usr/lib/jvm/java-7-oracle/jre/lib/amd64/libnio.so
7f2a7f6fc000-7f2a7f713000 r-xp 00000000 08:01 3943017                    /usr/lib/jvm/java-7-oracle/jre/lib/amd64/libnet.so
7f2a7f713000-7f2a7f912000 ---p 00017000 08:01 3943017                    /usr/lib/jvm/java-7-oracle/jre/lib/amd64/libnet.so
7f2a7f912000-7f2a7f913000 rw-p 00016000 08:01 3943017                    /usr/lib/jvm/java-7-oracle/jre/lib/amd64/libnet.so
7f2a7f913000-7f2a7f916000 ---p 00000000 00:00 0 
7f2a7f916000-7f2a7fa14000 rw-p 00000000 00:00 0                          [stack:5343]
7f2a7fa14000-7f2a7fa1e000 r--s 00253000 08:01 3942996                    /usr/lib/jvm/java-7-oracle/jre/lib/resources.jar
7f2a7fa1e000-7f2a7fa1f000 ---p 00000000 00:00 0 
7f2a7fa1f000-7f2a7fb1f000 rw-p 00000000 00:00 0                          [stack:5342]
7f2a7fb1f000-7f2a7fb22000 ---p 00000000 00:00 0 
7f2a7fb22000-7f2a7fc20000 rw-p 00000000 00:00 0                          [stack:5341]
7f2a7fc20000-7f2a7fc23000 ---p 00000000 00:00 0 
7f2a7fc23000-7f2a7fd21000 rw-p 00000000 00:00 0                          [stack:5340]
7f2a7fd21000-7f2a7fd24000 ---p 00000000 00:00 0 
7f2a7fd24000-7f2a7fe22000 rw-p 00000000 00:00 0                          [stack:5339]
7f2a7fe22000-7f2a7fe25000 ---p 00000000 00:00 0 
7f2a7fe25000-7f2a7ff23000 rw-p 00000000 00:00 0                          [stack:5338]
7f2a7ff23000-7f2a7ff2a000 r--s 00063000 08:01 2280222                    /root/.gradle/caches/modules-2/files-2.1/org.springframework/springloaded/1.2.7.RELEASE/83d209e87380fd30a294cefd458ab6170722e80c/springloaded-1.2.7.RELEASE.jar
7f2a7ff2a000-7f2a7ff48000 r--s 0006d000 08:01 2280463                    /root/.gradle/caches/modules-2/files-2.1/com.goldmansachs/gs-collections-api/5.1.0/ea605cdf64cab5fc7b48c99f061d4c8db05b6ff1/gs-collections-api-5.1.0.jar
7f2a7ff48000-7f2a7ff49000 r--s 00000000 08:01 2280460                    /root/.gradle/caches/modules-2/files-2.1/org.reactivestreams/reactive-streams/1.0.0/14b8c877d98005ba3941c9257cfe09f6ed0e0d74/reactive-streams-1.0.0.jar
7f2a7ff49000-7f2a7ff4a000 r--s 0000e000 08:01 2280206                    /root/.gradle/caches/modules-2/files-2.1/org.codehaus.jsr166-mirror/jsr166y/1.7.0/8547fcb1c29b4f8c745c3f49a536aca58fc30f54/jsr166y-1.7.0.jar
7f2a7ff4a000-7f2a7ff57000 r--s 00083000 08:01 2280217                    /root/.gradle/caches/modules-2/files-2.1/commons-collections/commons-collections/3.2.2/8ad72fe39fa8c91eaaf12aadb21e0c3661fe26d5/commons-collections-3.2.2.jar
7f2a7ff57000-7f2a7ffdc000 r--s 00792000 08:01 2280458                    /root/.gradle/caches/modules-2/files-2.1/com.goldmansachs/gs-collections/5.1.0/7114c5349c816ea645b1ea3ffcc21fa073cbabc/gs-collections-5.1.0.jar
7f2a7ffdc000-7f2a7ffdd000 r--s 00007000 08:01 2280456                    /root/.gradle/caches/modules-2/files-2.1/io.projectreactor.spring/reactor-spring-core/2.0.7.RELEASE/b1045de1d670cb1b5885221954e8338bf3938ff5/reactor-spring-core-2.0.7.RELEASE.jar
7f2a7ffdd000-7f2a7ffe4000 r--s 0003f000 08:01 4863111                    /root/.m2/repository/commons-codec/commons-codec/1.10/commons-codec-1.10.jar
7f2a7ffe4000-7f2a80000000 r--s 00136000 08:01 2280202                    /root/.gradle/caches/modules-2/files-2.1/org.codehaus.gpars/gpars/1.2.1/c3ea0fbcd67a163bd5e3a3efdaa3428262d0d437/gpars-1.2.1.jar
7f2a80000000-7f2a80116000 rw-p 00000000 00:00 0 
7f2a80116000-7f2a84000000 ---p 00000000 00:00 0 
7f2a84000000-7f2a84052000 rw-p 00000000 00:00 0 
7f2a84052000-7f2a88000000 ---p 00000000 00:00 0 
7f2a88000000-7f2a885a9000 rw-p 00000000 00:00 0 
7f2a885a9000-7f2a8c000000 ---p 00000000 00:00 0 
7f2a8c000000-7f2a8c002000 r--s 00009000 08:01 2280454                    /root/.gradle/caches/modules-2/files-2.1/org.apache.tomcat/tomcat-juli/8.5.11/fa0b261ce002175b65ebb6ae8eb4345cb7e57da3/tomcat-juli-8.5.11.jar
7f2a8c002000-7f2a8c00a000 r--s 00056000 08:01 2280453                    /root/.gradle/caches/modules-2/files-2.1/io.projectreactor/reactor-stream/2.0.8.RELEASE/9aa8be580e368601021d3953bcf8ed2b3462d26a/reactor-stream-2.0.8.RELEASE.jar
7f2a8c00a000-7f2a8c013000 r--s 0004f000 08:01 2280451                    /root/.gradle/caches/modules-2/files-2.1/io.projectreactor/reactor-core/2.0.8.RELEASE/c39f1a80fcc6e92a527d162186fb57833b1dfc3b/reactor-core-2.0.8.RELEASE.jar
7f2a8c013000-7f2a8c019000 r--s 00027000 08:01 2280449                    /root/.gradle/caches/modules-2/files-2.1/opensymphony/sitemesh/2.4/fa84c82cce30a9a632c08dd2277d63993d972cf5/sitemesh-2.4.jar
7f2a8c019000-7f2a8c01b000 r--s 00007000 08:01 2280448                    /root/.gradle/caches/modules-2/files-2.1/org.grails/grails-web-taglib/3.2.8/9e6883602bf8080746ca37b831c160c61eeff86e/grails-web-taglib-3.2.8.jar
7f2a8c01b000-7f2a8c01e000 r--s 00006000 08:01 2280179                    /root/.gradle/caches/modules-2/files-2.1/com.google.code.findbugs/jsr305/1.3.9/40719ea6961c0cb6afaeb6a921eaa1f6afd4cfdf/jsr305-1.3.9.jar
7f2a8c01e000-7f2a8c026000 r--s 0007b000 08:01 2280176                    /root/.gradle/caches/modules-2/files-2.1/com.google.protobuf/protobuf-java/2.5.0/a10732c76bfacdbd633a7eb0f7968b1059a65dfa/protobuf-java-2.5.0.jar
7f2a8c026000-7f2a8c052000 r--s 00208000 08:01 2280175                    /root/.gradle/caches/modules-2/files-2.1/com.google.guava/guava/19.0/6ce200f6b23222af3d8abb6b6459e6c44f4bb0e9/guava-19.0.jar
7f2a8c052000-7f2a8c055000 r--s 00010000 08:01 2280173                    /root/.gradle/caches/modules-2/files-2.1/args4j/args4j/2.0.26/1ebb18ebb3b379a74207d5af4ea7c8338ebd78b/args4j-2.0.26.jar
7f2a8c055000-7f2a8c056000 r--s 00024000 08:01 2280171                    /root/.gradle/caches/modules-2/files-2.1/com.google.javascript/closure-compiler-externs/v20160713/36c8fa2e53148f8f00070d1d5df6e065bd9ebfb3/closure-compiler-externs-v20160713.jar
7f2a8c056000-7f2a8c05a000 r--s 0000c000 08:01 2280186                    /root/.gradle/caches/modules-2/files-2.1/javax.validation/validation-api/1.1.0.Final/8613ae82954779d518631e05daa73a6a954817d5/validation-api-1.1.0.Final.jar
7f2a8c05a000-7f2a8c05c000 r--s 00013000 08:01 2280183                    /root/.gradle/caches/modules-2/files-2.1/org.grails/grails-datastore-gorm-validation/6.0.9.RELEASE/e96265851454d4a1bbdc341e2bcdb8ed254189bd/grails-datastore-gorm-validation-6.0.9.RELEASE.jar
7f2a8c05c000-7f2a8c05d000 r--s 00001000 08:01 2280182                    /root/.gradle/caches/modules-2/files-2.1/org.grails/grails-datastore-async/6.0.9.RELEASE/bf495aed6a1d17feb67f64f693306b2380ad2a03/grails-datastore-async-6.0.9.RELEASE.jar
7f2a8c05d000-7f2a8c05e000 r--s 00003000 08:01 2280181                    /root/.gradle/caches/modules-2/files-2.1/javax.transaction/jta/1.1/2ca09f0b36ca7d71b762e14ea2ff09d5eac57558/jta-1.1.jar
7f2a8c05e000-7f2a8c061000 r--s 00013000 08:01 2280447                    /root/.gradle/caches/modules-2/files-2.1/org.grails/grails-taglib/3.2.8/5b246c93aade84b930e0f36f6b436ad2d7aaff95/grails-taglib-3.2.8.jar
7f2a8c061000-7f2a8c064000 r--s 0001d000 08:01 2280104                    /root/.gradle/caches/modules-2/files-2.1/org.codehaus.groovy/groovy-json/2.4.10/36c5f846ee4b2f0cdb01b5e0e1b6f236b4d4a1b5/groovy-json-2.4.10.jar
7f2a8c064000-7f2a8c067000 r--s 00029000 08:01 2280201                    /root/.gradle/caches/modules-2/files-2.1/commons-validator/commons-validator/1.5.1/86d05a46e8f064b300657f751b5a98c62807e2a0/commons-validator-1.5.1.jar
7f2a8c067000-7f2a8c06d000 r--s 00048000 08:01 2280446                    /root/.gradle/caches/modules-2/files-2.1/io.projectreactor/reactor-bus/2.0.8.RELEASE/dea2861087164495584ac4a01835e665dc0a32a2/reactor-bus-2.0.8.RELEASE.jar
7f2a8c06d000-7f2a8c06f000 r--s 00005000 08:01 2280445                    /root/.gradle/caches/modules-2/files-2.1/io.projectreactor.spring/reactor-spring-context/2.0.7.RELEASE/ca4285a0a0ab9d1f39953c086bfcfc5883c06c32/reactor-spring-context-2.0.7.RELEASE.jar
7f2a8c06f000-7f2a8c070000 r--s 00005000 08:01 2280444                    /root/.gradle/caches/modules-2/files-2.1/org.grails/grails-codecs/3.2.8/cb12a80ffde861da3fe9a842b037ceb403f3cbf/grails-codecs-3.2.8.jar
7f2a8c070000-7f2a8c073000 r--s 00020000 08:01 2280443                    /root/.gradle/caches/modules-2/files-2.1/org.apache.tomcat/tomcat-jdbc/8.5.11/4d156969f12963b5f9232e9fe68ab710c3318ad5/tomcat-jdbc-8.5.11.jar
7f2a8c073000-7f2a8c075000 r--s 00012000 08:01 2280442                    /root/.gradle/caches/modules-2/files-2.1/org.codehaus.groovy/groovy-sql/2.4.10/cb810c8de19f0a12d90042284599b3672d19ebba/groovy-sql-2.4.10.jar
7f2a8c075000-7f2a8c077000 r--s 00014000 08:01 2280440                    /root/.gradle/caches/modules-2/files-2.1/org.apache.tomcat.embed/tomcat-embed-logging-log4j/8.5.2/53bdd1eebc7393713261d178ac096a742423f940/tomcat-embed-logging-log4j-8.5.2.jar
7f2a8c077000-7f2a8c079000 r--s 00009000 08:01 2280439                    /root/.gradle/caches/modules-2/files-2.1/org.grails/grails-plugin-domain-class/3.2.8/9840db0f11bf1edc1003fa7fe56dff9cb32c78e/grails-plugin-domain-class-3.2.8.jar
7f2a8c079000-7f2a8c07b000 r--s 00003000 08:01 2280438                    /root/.gradle/caches/modules-2/files-2.1/org.grails/grails-plugin-validation/3.2.8/fbbcda59abdff883835ed85c5426a498bf9219fb/grails-plugin-validation-3.2.8.jar
7f2a8c07b000-7f2a8c07d000 r--s 00009000 08:01 2280437                    /root/.gradle/caches/modules-2/files-2.1/org.grails/grails-plugin-mimetypes/3.2.8/e3b99afd0ba0d4bd0ca6513b5cea8746606c52d/grails-plugin-mimetypes-3.2.8.jar
7f2a8c07d000-7f2a8c081000 r--s 0001c000 08:01 2280436                    /root/.gradle/caches/modules-2/files-2.1/org.grails/grails-plugin-converters/3.2.8/629f5fc5de79546b58c93772e8e22bfc8041a56b/grails-plugin-converters-3.2.8.jar
7f2a8c081000-7f2a8c084000 r--s 0000f000 08:01 2280435                    /root/.gradle/caches/modules-2/files-2.1/org.grails/grails-async/3.2.8/57ef56732b12b30f91a2effb676c799b3055831c/grails-async-3.2.8.jar
7f2a8c084000-7f2a8c086000 r--s 0000b000 08:01 2280434                    /root/.gradle/caches/modules-2/files-2.1/org.grails/grails-web-sitemesh/3.2.8/f7dec67fc6740151360ec3dd764af22b9e69fe1d/grails-web-sitemesh-3.2.8.jar
7f2a8c086000-7f2a8c088000 r--s 00004000 08:01 2280433                    /root/.gradle/caches/modules-2/files-2.1/org.grails/grails-web-mvc/3.2.8/b535a93839b5f521253ad6ff790519b3fc92e1af/grails-web-mvc-3.2.8.jar
7f2a8c088000-7f2a8c08b000 r--s 0001e000 08:01 2280432                    /root/.gradle/caches/modules-2/files-2.1/org.grails/grails-web-jsp/3.2.8/c52f3f2a02068b794327561859d64c77f88292d0/grails-web-jsp-3.2.8.jar
7f2a8c08b000-7f2a8c08d000 r--s 00014000 08:01 2280428                    /root/.gradle/caches/modules-2/files-2.1/org.grails/grails-web-databinding/3.2.8/881b34891895e045e5e4a6126539e7ec8f1b7461/grails-web-databinding-3.2.8.jar
7f2a8c08d000-7f2a8c08f000 r--s 00011000 08:01 2280427                    /root/.gradle/caches/modules-2/files-2.1/org.grails/grails-web-gsp/3.2.8/8e9424a8718d4946b54defcea806bff96f491afe/grails-web-gsp-3.2.8.jar
7f2a8c08f000-7f2a8c0a8000 r--s 001af000 08:01 2280426                    /root/.gradle/caches/modules-2/files-2.1/org.aspectj/aspectjweaver/1.8.9/db28774f477f07220eac18d5ec9c4e01f48589d7/aspectjweaver-1.8.9.jar
7f2a8c0a8000-7f2a8c0ac000 r--s 00019000 08:01 2280425                    /root/.gradle/caches/modules-2/files-2.1/org.aspectj/aspectjrt/1.8.9/87372d9e2323313bec24b09a325bfea8ae0eb867/aspectjrt-1.8.9.jar
7f2a8c0ac000-7f2a8c0af000 r--s 0000c000 08:01 2280424                    /root/.gradle/caches/modules-2/files-2.1/org.springframework/spring-aspects/4.3.7.RELEASE/fa0671826a42f6bac5145ffbc78075493dcb4e8b/spring-aspects-4.3.7.RELEASE.jar
7f2a8c0af000-7f2a8c0b2000 r--s 00042000 08:01 2280423                    /root/.gradle/caches/modules-2/files-2.1/com.fasterxml.jackson.core/jackson-core/2.8.7/8b46f39c78476fb848c81a49fa807a9e9506dddd/jackson-core-2.8.7.jar
7f2a8c0b2000-7f2a8c0b5000 r--s 0000b000 08:01 2280422                    /root/.gradle/caches/modules-2/files-2.1/com.fasterxml.jackson.core/jackson-annotations/2.8.7/7407d69da9d95d3dcbd17eb9579e2b601889f19/jackson-annotations-2.8.7.jar
7f2a8c0b5000-7f2a8c0ee000 r--s 00382000 08:01 2280119                    /root/.gradle/caches/modules-2/files-2.1/com.google.javascript/closure-compiler-unshaded/v20160713/7df7b683e16c93f65361a15356283599ba012c78/closure-compiler-unshaded-v20160713.jar
7f2a8c0ee000-7f2a8c0f1000 r--s 00029000 08:01 2280429                    /root/.gradle/caches/modules-2/files-2.1/org.grails/grails-web-url-mappings/3.2.8/9557090de58324274c858a23bae526c5a1f60dca/grails-web-url-mappings-3.2.8.jar
7f2a8c0f1000-7f2a8c0fa000 r--s 0002d000 08:01 2280420                    /root/.gradle/caches/modules-2/files-2.1/xml-apis/xml-apis/1.4.01/3789d9fada2d3d458c4ba2de349d48780f381ee3/xml-apis-1.4.01.jar
7f2a8c0fa000-7f2a8c104000 r--s 0005f000 08:01 2280417                    /root/.gradle/caches/modules-2/files-2.1/org.springframework/spring-jdbc/4.3.7.RELEASE/305c8db0f9552948aec093528cd01393cc98a646/spring-jdbc-4.3.7.RELEASE.jar
7f2a8c104000-7f2a8c114000 r--s 0009c000 08:01 2280137                    /root/.gradle/caches/modules-2/files-2.1/org.hibernate/hibernate-validator/5.2.4.Final/fb18766b576aa6632bcfe9a20a023cbd52bf9769/hibernate-validator-5.2.4.Final.jar
7f2a8c114000-7f2a8c11b000 r--s 00054000 08:01 2280136                    /root/.gradle/caches/modules-2/files-2.1/org.grails/grails-datastore-gorm-hibernate-core/6.0.9.RELEASE/a02107f38402eb811f5a135b343f84806a096fc4/grails-datastore-gorm-hibernate-core-6.0.9.RELEASE.jar
7f2a8c11b000-7f2a8c11d000 r--s 00008000 08:01 2280135                    /root/.gradle/caches/modules-2/files-2.1/javax.el/javax.el-api/2.2.4/1287562cc3f0ff5439ded6f2949e73ce1c0edaab/javax.el-api-2.2.4.jar
7f2a8c11d000-7f2a8c12d000 r--s 000b7000 08:01 2280133                    /root/.gradle/caches/modules-2/files-2.1/org.grails/grails-datastore-gorm/6.0.9.RELEASE/b0950f2bac8cbd3e921633fe49a58fd6a913b8eb/grails-datastore-gorm-6.0.9.RELEASE.jar
7f2a8c12d000-7f2a8c13e000 r--s 000b7000 08:01 2280416                    /root/.gradle/caches/modules-2/files-2.1/org.springframework/spring-web/4.3.7.RELEASE/7b69fc68cdb74c1c92f72905af6995696fcb56aa/spring-web-4.3.7.RELEASE.jar
7f2a8c13e000-7f2a8c14c000 r--s 00074000 08:01 2280129                    /root/.gradle/caches/modules-2/files-2.1/org.grails/grails-datastore-core/6.0.9.RELEASE/ef08297000844fd97a1168cb80099a05d706700d/grails-datastore-core-6.0.9.RELEASE.jar
7f2a8c14c000-7f2a8c151000 r--s 00034000 08:01 2280414                    /root/.gradle/caches/modules-2/files-2.1/com.google.code.gson/gson/2.7/751f548c85fa49f330cecbb1875893f971b33c4e/gson-2.7.jar
7f2a8c151000-7f2a8c156000 r--s 00029000 08:01 2280413                    /root/.gradle/caches/modules-2/files-2.1/org.springframework/spring-context-support/4.3.7.RELEASE/7e48f8daf207c06cf0229889a456073832359742/spring-context-support-4.3.7.RELEASE.jar
7f2a8c156000-7f2a8c167000 r--s 000cf000 08:01 2280412                    /root/.gradle/caches/modules-2/files-2.1/org.springframework/spring-webmvc/4.3.7.RELEASE/d25b11a605589f176e3ecf1dcae62a991a18b377/spring-webmvc-4.3.7.RELEASE.jar
7f2a8c167000-7f2a8c169000 r--s 00020000 08:01 2280411                    /root/.gradle/caches/modules-2/files-2.1/org.grails/grails-gsp/3.2.8/40f3e9b3767610bf71953a12705926a6b20ae986/grails-gsp-3.2.8.jar
7f2a8c169000-7f2a8c16e000 r--s 00029000 08:01 2280410                    /root/.gradle/caches/modules-2/files-2.1/org.grails/grails-encoder/3.2.8/ca8b0ac1455b9e16714e2730abaf95f9eed5570f/grails-encoder-3.2.8.jar
7f2a8c16e000-7f2a8c171000 r--s 0000e000 08:01 2280409                    /root/.gradle/caches/modules-2/files-2.1/org.grails/grails-databinding/3.2.8/40b6291a35ec6b7f0f013a0fe5e353c8e6ed0fd/grails-databinding-3.2.8.jar
7f2a8c171000-7f2a8c174000 r--s 00015000 08:01 2280408                    /root/.gradle/caches/modules-2/files-2.1/org.grails/grails-validation/3.2.8/176bdf11c9c75ffc193e18c0054de3e31cd0b952/grails-validation-3.2.8.jar
7f2a8c174000-7f2a8c176000 r--s 00005000 08:01 2280407                    /root/.gradle/caches/modules-2/files-2.1/org.grails/grails-plugin-events/3.2.8/b132536c0793062bd8a347a3574fc49940f02675/grails-plugin-events-3.2.8.jar
7f2a8c176000-7f2a8c178000 r--s 0000b000 08:01 2280406                    /root/.gradle/caches/modules-2/files-2.1/org.grails/grails-web-gsp-taglib/3.2.8/8d462375c10dea09a763d03b96c12dd9de3c6d4/grails-web-gsp-taglib-3.2.8.jar
7f2a8c178000-7f2a8c179000 r--s 00000000 08:01 2280405                    /root/.gradle/caches/modules-2/files-2.1/org.grails/grails-logging/3.2.8/f246f6fb447e3890bf15744a47e4a71c4dc31b9c/grails-logging-3.2.8.jar
7f2a8c179000-7f2a8c17b000 r--s 00004000 08:01 2280404                    /root/.gradle/caches/modules-2/files-2.1/org.grails/grails-plugin-codecs/3.2.8/f87800895a347f7aedfa3b5f31573b8d85c43ee2/grails-plugin-codecs-3.2.8.jar
7f2a8c17b000-7f2a8c180000 r--s 00041000 08:01 2280403                    /root/.gradle/caches/modules-2/files-2.1/commons-lang/commons-lang/2.6/ce1edb914c94ebc388f086c6827e8bdeec71ac2/commons-lang-2.6.jar
7f2a8c180000-7f2a8c182000 r--s 00007000 08:01 2280401                    /root/.gradle/caches/modules-2/files-2.1/org.grails/grails-plugin-datasource/3.2.8/ff55373aca3bc42c77e2d92a76dc01624eaad062/grails-plugin-datasource-3.2.8.jar
7f2a8c182000-7f2a8c185000 r--s 00019000 08:01 2280400                    /root/.gradle/caches/modules-2/files-2.1/org.grails/grails-plugin-controllers/3.2.8/a21cdf724f544a8c2880788ae6f7eb6735b8d7be/grails-plugin-controllers-3.2.8.jar
7f2a8c185000-7f2a8c187000 r--s 00004000 08:01 2280399                    /root/.gradle/caches/modules-2/files-2.1/org.grails/grails-web/3.2.8/13c4ecb88bcac1cff657a9fe490b8bb98839d429/grails-web-3.2.8.jar
7f2a8c187000-7f2a8c199000 r--s 0011d000 08:01 2280398                    /root/.gradle/caches/modules-2/files-2.1/com.fasterxml.jackson.core/jackson-databind/2.8.7/6c3257ef458ac58a8da69a6dca3d2a15286d88c8/jackson-databind-2.8.7.jar
7f2a8c199000-7f2a8c19f000 r--s 0003d000 08:01 4863033                    /root/.m2/repository/org/yaml/snakeyaml/1.17/snakeyaml-1.17.jar
7f2a8c19f000-7f2a8c1a1000 r--s 00016000 08:01 2280112                    /root/.gradle/caches/modules-2/files-2.1/org.codehaus.groovy/groovy-templates/2.4.10/2e4b539b147c268f1f3f4b98421d00e0af84061b/groovy-templates-2.4.10.jar
7f2a8c1a1000-7f2a8c1a5000 r--s 00031000 08:01 2280111                    /root/.gradle/caches/modules-2/files-2.1/org.codehaus.groovy/groovy-xml/2.4.10/8a159ab53540b30d0b66248ba62d15a2f464480f/groovy-xml-2.4.10.jar
7f2a8c1a5000-7f2a8c1aa000 r--s 0003c000 08:01 2280396                    /root/.gradle/caches/modules-2/files-2.1/org.springframework/spring-expression/4.3.7.RELEASE/5257b6486e43d8c05674323fea5b415d4da72f38/spring-expression-4.3.7.RELEASE.jar
7f2a8c1aa000-7f2a8c1b3000 r--s 00054000 08:01 2280395                    /root/.gradle/caches/modules-2/files-2.1/org.springframework/spring-aop/4.3.7.RELEASE/3f243d685e4a8a78a0c291445c6d85560ec4d339/spring-aop-4.3.7.RELEASE.jar
7f2a8c1b3000-7f2a8c1b5000 r--s 0000e000 08:01 4863068                    /root/.m2/repository/commons-logging/commons-logging/1.2/commons-logging-1.2.jar
7f2a8c1b5000-7f2a8c1c0000 r--s 0006a000 08:01 2280394                    /root/.gradle/caches/modules-2/files-2.1/ch.qos.logback/logback-core/1.1.11/88b8df40340eed549fb07e2613879bf6b006704d/logback-core-1.1.11.jar
7f2a8c1c0000-7f2a8c1c4000 r--s 0002a000 08:01 2280586                    /root/.gradle/caches/modules-2/files-2.1/commons-io/commons-io/2.4/b1b6ea3b7e4aa4f492509a4952029cd8e48019ad/commons-io-2.4.jar
7f2a8c1c4000-7f2a8c1c8000 r--s 00049000 08:01 2280093                    /root/.gradle/caches/modules-2/files-2.1/com.bertramlabs.plugins/asset-pipeline-core/2.14.1/4c663852d042e755249b00d6f841b0a6e74a3504/asset-pipeline-core-2.14.1.jar
7f2a8c1c8000-7f2a8c1d5000 r--s 00109000 08:01 2280117                    /root/.gradle/caches/modules-2/files-2.1/org.mozilla/rhino/1.7R4/e982f2136574b9a423186fbaeaaa98dc3e5a5288/rhino-1.7R4.jar
7f2a8c1d5000-7f2a8c1d8000 r--s 00020000 08:01 2279241                    /root/.gradle/caches/modules-2/files-2.1/org.grails/views-core/1.1.5/3aaab1c6021e194ea5d11cd0035ec4223a50833d/views-core-1.1.5.jar
7f2a8c1d8000-7f2a8c2af000 r--s 007a9000 08:01 2280393                    /root/.gradle/caches/modules-2/files-2.1/net.sf.ehcache/ehcache/2.10.3/cf74f9a4a049f181833b147a1d9aa62159c9d01d/ehcache-2.10.3.jar
7f2a8c2af000-7f2a8c2b2000 r--s 00010000 08:01 2280128                    /root/.gradle/caches/modules-2/files-2.1/org.hibernate.common/hibernate-commons-annotations/5.0.1.Final/71e1cff3fcb20d3b3af4f3363c3ddb24d33c6879/hibernate-commons-annotations-5.0.1.Final.jar
7f2a8c2b2000-7f2a8c2b7000 r--s 00048000 08:01 2280127                    /root/.gradle/caches/modules-2/files-2.1/dom4j/dom4j/1.6.1/5d3ccc056b6f056dbf0dddfdf43894b9065a8f94/dom4j-1.6.1.jar
7f2a8c2b7000-7f2a8c2b9000 r--s 0000e000 08:01 2280392                    /root/.gradle/caches/modules-2/files-2.1/com.fasterxml/classmate/1.3.3/864c8e370a691e343210cc7c532fc198cee460d8/classmate-1.3.3.jar
7f2a8c2b9000-7f2a8c2bc000 r--s 0002b000 08:01 2280391                    /root/.gradle/caches/modules-2/files-2.1/org.jboss/jandex/2.0.3.Final/bfc4d6257dbff7a33a357f0de116be6ff951d849/jandex-2.0.3.Final.jar
7f2a8c2bc000-7f2a8c2bd000 r--s 00003000 08:01 2280124                    /root/.gradle/caches/modules-2/files-2.1/org.apache.geronimo.specs/geronimo-jta_1.1_spec/1.1.1/aabab3165b8ea936b9360abbf448459c0d04a5a4/geronimo-jta_1.1_spec-1.1.1.jar
7f2a8c2bd000-7f2a8c2c2000 r--s 00068000 08:01 2280123                    /root/.gradle/caches/modules-2/files-2.1/antlr/antlr/2.7.7/83cd2cd674a217ade95a4bb83a8a14f351f48bd0/antlr-2.7.7.jar
7f2a8c2c2000-7f2a8c2c4000 r--s 0000f000 08:01 2280120                    /root/.gradle/caches/modules-2/files-2.1/org.jboss.logging/jboss-logging/3.3.0.Final/3616bb87707910296e2c195dc016287080bba5af/jboss-logging-3.3.0.Final.jar
7f2a8c2c4000-7f2a8c2ce000 r--s 0006b000 08:01 2280390                    /root/.gradle/caches/modules-2/files-2.1/org.springframework/spring-orm/4.3.7.RELEASE/d9b193994609086ea1f067af07e0af5f53303d92/spring-orm-4.3.7.RELEASE.jar
7f2a8c2ce000-7f2a8c2d2000 r--s 00035000 08:01 2280098                    /root/.gradle/caches/modules-2/files-2.1/org.grails/grails-datastore-gorm-hibernate5/6.0.9.RELEASE/699b4064aaddfcc4836df96110eca806fbb3db71/grails-datastore-gorm-hibernate5-6.0.9.RELEASE.jar
7f2a8c2d2000-7f2a8c2d5000 r--s 00012000 08:01 2280097                    /root/.gradle/caches/modules-2/files-2.1/org.grails/grails-datastore-gorm-support/6.0.9.RELEASE/8250e3b6f4691637ffd8e4958f4b06b25a2f0aaa/grails-datastore-gorm-support-6.0.9.RELEASE.jar
7f2a8c2d5000-7f2a8c2dc000 r--s 00044000 08:01 2280096                    /root/.gradle/caches/modules-2/files-2.1/org.grails/grails-datastore-simple/6.0.9.RELEASE/3ca908e00fe0bc76659b2e9476264fcb6ea54483/grails-datastore-simple-6.0.9.RELEASE.jar
7f2a8c2dc000-7f2a8c2de000 r--s 00001000 08:01 2280095                    /root/.gradle/caches/modules-2/files-2.1/org.grails/grails-datastore-web/6.0.9.RELEASE/9d5bf703ea70e0a779fa795ccfce83fd91f6e411/grails-datastore-web-6.0.9.RELEASE.jar
7f2a8c2de000-7f2a8c2e1000 r--s 0001d000 08:01 2280389                    /root/.gradle/caches/modules-2/files-2.1/org.grails.plugins/fields/2.1.3/8cb2bf3e7dd767098d05bb3a67bc38fa4dc47c3e/fields-2.1.3.jar
7f2a8c2e1000-7f2a8c2eb000 r--s 000ae000 08:01 2280122                    /root/.gradle/caches/modules-2/files-2.1/org.javassist/javassist/3.20.0-GA/a9cbcdfb7e9f86fbc74d3afae65f2248bfbf82a0/javassist-3.20.0-GA.jar
7f2a8c2eb000-7f2a8c2ef000 r--s 00028000 08:01 2280388                    /root/.gradle/caches/modules-2/files-2.1/org.grails/grails-web-common/3.2.8/9d153dac3993beb96625fa0a2d2cefe77079335/grails-web-common-3.2.8.jar
7f2a8c2ef000-7f2a8c2f1000 r--s 0000d000 08:01 2280387                    /root/.gradle/caches/modules-2/files-2.1/org.grails/grails-plugin-async/3.2.8/f6dfa7e21767d8f85045144653414c6f2835ef8e/grails-plugin-async-3.2.8.jar
7f2a8c2f1000-7f2a8c2f3000 r--s 00008000 08:01 2280386                    /root/.gradle/caches/modules-2/files-2.1/org.grails/grails-plugin-interceptors/3.2.8/848a6cb064154dfcc076fdba02fdc722396d2c17/grails-plugin-interceptors-3.2.8.jar
7f2a8c2f3000-7f2a8c2f5000 r--s 00004000 08:01 2280384                    /root/.gradle/caches/modules-2/files-2.1/org.grails/grails-plugin-url-mappings/3.2.8/bb3d80573ed2149c88ecf6ede7b60b0697a41b58/grails-plugin-url-mappings-3.2.8.jar
7f2a8c2f5000-7f2a8c2f7000 r--s 00009000 08:01 2280383                    /root/.gradle/caches/modules-2/files-2.1/org.grails/grails-plugin-services/3.2.8/b6d2b6ff49583da305df61c8f2534fa42e810bc9/grails-plugin-services-3.2.8.jar
7f2a8c2f7000-7f2a8c2fc000 r--s 0004b000 08:01 2280382                    /root/.gradle/caches/modules-2/files-2.1/org.grails/grails-plugin-gsp/3.2.8/382026008c52e89bc1c73e60e7e9dfcf667bce8/grails-plugin-gsp-3.2.8.jar
7f2a8c2fc000-7f2a8c2fd000 r--s 00003000 08:01 2280381                    /root/.gradle/caches/modules-2/files-2.1/org.grails/grails-plugin-i18n/3.2.8/19d5792e1098baa3263deff5decb9a9cb69f1305/grails-plugin-i18n-3.2.8.jar
7f2a8c2fd000-7f2a8c2fe000 r--s 00004000 08:01 2280380                    /root/.gradle/caches/modules-2/files-2.1/org.grails/grails-plugin-databinding/3.2.8/6b175e685dacadf76bea638f27a4ff5d8bceeb39/grails-plugin-databinding-3.2.8.jar
7f2a8c2fe000-7f2a8c302000 r--s 00032000 08:01 2280379                    /root/.gradle/caches/modules-2/files-2.1/org.grails/grails-plugin-rest/3.2.8/42579e85c1bdf6084c1a303bb8ca9e3cbb0ba7f8/grails-plugin-rest-3.2.8.jar
7f2a8c302000-7f2a8c307000 r--s 00036000 08:01 2280378                    /root/.gradle/caches/modules-2/files-2.1/org.apache.tomcat.embed/tomcat-embed-websocket/8.5.11/dfa65e7857d46630761c0571758a56f7cbd1e9ba/tomcat-embed-websocket-8.5.11.jar
7f2a8c307000-7f2a8c30c000 r--s 00036000 08:01 2280377                    /root/.gradle/caches/modules-2/files-2.1/org.apache.tomcat.embed/tomcat-embed-el/8.5.11/60253815b897166903bf5ec41219c5bb15333a69/tomcat-embed-el-8.5.11.jar
7f2a8c30c000-7f2a8c335000 r--s 002b8000 08:01 2280376                    /root/.gradle/caches/modules-2/files-2.1/org.apache.tomcat.embed/tomcat-embed-core/8.5.11/72761f51fc7cef3ee19d4aafc7adc605df9f611f/tomcat-embed-core-8.5.11.jar
7f2a8c335000-7f2a8c343000 r--s 00068000 08:01 2280375                    /root/.gradle/caches/modules-2/files-2.1/org.springframework.boot/spring-boot-actuator/1.4.5.RELEASE/a4d12a4afd93f39512214ee33ce48d05eb7055aa/spring-boot-actuator-1.4.5.RELEASE.jar
7f2a8c343000-7f2a8c344000 r--s 00000000 08:01 2280374                    /root/.gradle/caches/modules-2/files-2.1/org.springframework.boot/spring-boot-starter/1.4.5.RELEASE/9544e9a0eb9feef79c0b8db38080b21d1a6c6cb6/spring-boot-starter-1.4.5.RELEASE.jar
7f2a8c344000-7f2a8c348000 r--s 00038000 08:01 4863029                    /root/.m2/repository/org/grails/grails-bootstrap/3.2.8/grails-bootstrap-3.2.8.jar
7f2a8c348000-7f2a8c362000 r--s 000fd000 08:01 2280372                    /root/.gradle/caches/modules-2/files-2.1/org.springframework/spring-context/4.3.7.RELEASE/34b66b0b7910122ef95ba4fff6da9238ef80a5de/spring-context-4.3.7.RELEASE.jar
7f2a8c362000-7f2a8c370000 r--s 000ad000 08:01 2280371                    /root/.gradle/caches/modules-2/files-2.1/org.springframework/spring-beans/4.3.7.RELEASE/2de9f59f3202965438f3a02057d6ad8274636044/spring-beans-4.3.7.RELEASE.jar
7f2a8c370000-7f2a8c378000 r--s 0003a000 08:01 2280370                    /root/.gradle/caches/modules-2/files-2.1/org.springframework/spring-tx/4.3.7.RELEASE/b761cc783e49b5aa998ac63a721495a9f0f69f9c/spring-tx-4.3.7.RELEASE.jar
7f2a8c378000-7f2a8c38f000 r--s 000fb000 08:01 2280207                    /root/.gradle/caches/modules-2/files-2.1/org.springframework/spring-core/4.3.7.RELEASE/54fa2db94cc7222edc90ec71354e47cd1dc07f7b/spring-core-4.3.7.RELEASE.jar
7f2a8c38f000-7f2a8c393000 r--s 00019000 08:01 2280180                    /root/.gradle/caches/modules-2/files-2.1/com.googlecode.concurrentlinkedhashmap/concurrentlinkedhashmap-lru/1.4.2/2eaf3d3c9746d526ff7e5b93931d482c3887e6ac/concurrentlinkedhashmap-lru-1.4.2.jar
7f2a8c393000-7f2a8c398000 r--s 00017000 08:01 2280121                    /root/.gradle/caches/modules-2/files-2.1/org.hibernate.javax.persistence/hibernate-jpa-2.1-api/1.0.0.Final/5e731d961297e5a07290bfaf3db1fbc8bbbf405a/hibernate-jpa-2.1-api-1.0.0.Final.jar
7f2a8c398000-7f2a8c39a000 r--s 00009000 08:01 2280369                    /root/.gradle/caches/modules-2/files-2.1/org.slf4j/slf4j-api/1.7.24/3f6b4bd4f8dbe8d4bea06d107a3826469b85c3e9/slf4j-api-1.7.24.jar
7f2a8c39a000-7f2a8c3e7000 r--s 0040d000 08:01 2280081                    /root/.gradle/caches/modules-2/files-2.1/org.codehaus.groovy/groovy/2.4.10/6bc353efef93c44bac017e44542d822f0886b861/groovy-2.4.10.jar
7f2a8c3e7000-7f2a8c3eb000 r--s 00040000 08:01 2280368                    /root/.gradle/caches/modules-2/files-2.1/xalan/serializer/2.7.2/24247f3bb052ee068971393bdb83e04512bb1c3c/serializer-2.7.2.jar
7f2a8c3eb000-7f2a8c3fb000 r--s 00094000 08:01 2280366                    /root/.gradle/caches/modules-2/files-2.1/org.springframework.boot/spring-boot/1.4.5.RELEASE/a65e123aa9248a87694f7728e19a45c8479fc76c/spring-boot-1.4.5.RELEASE.jar
7f2a8c3fb000-7f2a8c3fd000 r--s 00004000 08:01 2280365                    /root/.gradle/caches/modules-2/files-2.1/org.slf4j/log4j-over-slf4j/1.7.24/6ab46c51a3848286a0db3ba7b22037b3834c3c44/log4j-over-slf4j-1.7.24.jar
7f2a8c3fd000-7f2a8c3ff000 r--s 00000000 08:01 2280364                    /root/.gradle/caches/modules-2/files-2.1/org.slf4j/jul-to-slf4j/1.7.24/25a2be668cb2ad1d05d76c0773df73b4b53617fd/jul-to-slf4j-1.7.24.jar
7f2a8c3ff000-7f2a8c406000 r--s 00045000 08:01 2280362                    /root/.gradle/caches/modules-2/files-2.1/ch.qos.logback/logback-classic/1.1.11/ccedfbacef4a6515d2983e3f89ed753d5d4fb665/logback-classic-1.1.11.jar
7f2a8c406000-7f2a8c40a000 r--s 00117000 08:01 2279224                    /root/.gradle/caches/modules-2/files-2.1/org.grails.plugins/grails-console/2.0.9/2c454c2ae8634232c7fbc2e0d93fea47037655bc/grails-console-2.0.9.jar
7f2a8c40a000-7f2a8c419000 r--s 001a7000 08:01 2280361                    /root/.gradle/caches/modules-2/files-2.1/com.h2database/h2/1.4.193/369b51e2090c4e6714d9d5e42010b6330c2cea26/h2-1.4.193.jar
7f2a8c419000-7f2a8c41c000 r--s 0001e000 08:01 2280360                    /root/.gradle/caches/modules-2/files-2.1/com.bertramlabs.plugins/asset-pipeline-grails/2.14.1/7c7f7ac5bf6d53d91e9d56c5e7abf52c723730ed/asset-pipeline-grails-2.14.1.jar
7f2a8c41c000-7f2a8c420000 r--s 00035000 08:01 2279238                    /root/.gradle/caches/modules-2/files-2.1/org.grails.plugins/views-json/1.1.5/ba2954b8a67f9578c5fedd3f472eaf24b9a983cc/views-json-1.1.5.jar
7f2a8c420000-7f2a8c48c000 r--s 00507000 08:01 2280358                    /root/.gradle/caches/modules-2/files-2.1/org.hibernate/hibernate-core/5.1.3.Final/eaeed3c272d8585d585a2694175723e2e99db5fa/hibernate-core-5.1.3.Final.jar
7f2a8c48c000-7f2a8c4a9000 r--s 000d0000 08:01 2280351                    /root/.gradle/caches/modules-2/files-2.1/org.springframework.boot/spring-boot-autoconfigure/1.4.5.RELEASE/b7944e21e252504883de815014618251505571f4/spring-boot-autoconfigure-1.4.5.RELEASE.jar
7f2a8c4a9000-7f2a8c4ac000 ---p 00000000 00:00 0 
7f2a8c4ac000-7f2a8c5aa000 rw-p 00000000 00:00 0                          [stack:5337]
7f2a8c5aa000-7f2a8c873000 r--p 00000000 08:01 3543594                    /usr/lib/locale/locale-archive
7f2a8c873000-7f2a8c876000 ---p 00000000 00:00 0 
7f2a8c876000-7f2a8c974000 rw-p 00000000 00:00 0                          [stack:5336]
7f2a8c974000-7f2a8c977000 ---p 00000000 00:00 0 
7f2a8c977000-7f2a8ca75000 rw-p 00000000 00:00 0                          [stack:5335]
7f2a8ca75000-7f2a8ca76000 ---p 00000000 00:00 0 
7f2a8ca76000-7f2a8cbc1000 rw-p 00000000 00:00 0                          [stack:5334]
7f2a8cbc1000-7f2a8cd81000 r--s 039fb000 08:01 3943091                    /usr/lib/jvm/java-7-oracle/jre/lib/rt.jar
7f2a8cd81000-7f2a8cfaa000 rw-p 00000000 00:00 0 
7f2a8cfaa000-7f2a8cfb2000 ---p 00000000 00:00 0 
7f2a8cfb2000-7f2a8cff7000 rw-p 00000000 00:00 0 
7f2a8cff7000-7f2a8d07e000 rw-p 00000000 00:00 0 
7f2a8d07e000-7f2a8d178000 rw-p 00000000 00:00 0 
7f2a8d178000-7f2a8f2d8000 rwxp 00000000 00:00 0 
7f2a8f2d8000-7f2a93178000 rw-p 00000000 00:00 0 
7f2a93178000-7f2a9318f000 r-xp 00000000 08:01 3943052                    /usr/lib/jvm/java-7-oracle/jre/lib/amd64/libzip.so
7f2a9318f000-7f2a9338f000 ---p 00017000 08:01 3943052                    /usr/lib/jvm/java-7-oracle/jre/lib/amd64/libzip.so
7f2a9338f000-7f2a93390000 rw-p 00017000 08:01 3943052                    /usr/lib/jvm/java-7-oracle/jre/lib/amd64/libzip.so
7f2a93390000-7f2a9339a000 r-xp 00000000 08:01 799440                     /lib/x86_64-linux-gnu/libnss_files-2.19.so
7f2a9339a000-7f2a93599000 ---p 0000a000 08:01 799440                     /lib/x86_64-linux-gnu/libnss_files-2.19.so
7f2a93599000-7f2a9359a000 r--p 00009000 08:01 799440                     /lib/x86_64-linux-gnu/libnss_files-2.19.so
7f2a9359a000-7f2a9359b000 rw-p 0000a000 08:01 799440                     /lib/x86_64-linux-gnu/libnss_files-2.19.so
7f2a9359b000-7f2a935a6000 r-xp 00000000 08:01 799432                     /lib/x86_64-linux-gnu/libnss_nis-2.19.so
7f2a935a6000-7f2a937a5000 ---p 0000b000 08:01 799432                     /lib/x86_64-linux-gnu/libnss_nis-2.19.so
7f2a937a5000-7f2a937a6000 r--p 0000a000 08:01 799432                     /lib/x86_64-linux-gnu/libnss_nis-2.19.so
7f2a937a6000-7f2a937a7000 rw-p 0000b000 08:01 799432                     /lib/x86_64-linux-gnu/libnss_nis-2.19.so
7f2a937a7000-7f2a937be000 r-xp 00000000 08:01 799428                     /lib/x86_64-linux-gnu/libnsl-2.19.so
7f2a937be000-7f2a939bd000 ---p 00017000 08:01 799428                     /lib/x86_64-linux-gnu/libnsl-2.19.so
7f2a939bd000-7f2a939be000 r--p 00016000 08:01 799428                     /lib/x86_64-linux-gnu/libnsl-2.19.so
7f2a939be000-7f2a939bf000 rw-p 00017000 08:01 799428                     /lib/x86_64-linux-gnu/libnsl-2.19.so
7f2a939bf000-7f2a939c1000 rw-p 00000000 00:00 0 
7f2a939c1000-7f2a939ca000 r-xp 00000000 08:01 799427                     /lib/x86_64-linux-gnu/libnss_compat-2.19.so
7f2a939ca000-7f2a93bc9000 ---p 00009000 08:01 799427                     /lib/x86_64-linux-gnu/libnss_compat-2.19.so
7f2a93bc9000-7f2a93bca000 r--p 00008000 08:01 799427                     /lib/x86_64-linux-gnu/libnss_compat-2.19.so
7f2a93bca000-7f2a93bcb000 rw-p 00009000 08:01 799427                     /lib/x86_64-linux-gnu/libnss_compat-2.19.so
7f2a93bcb000-7f2a93bd5000 r-xp 00000000 08:01 3943050                    /usr/lib/jvm/java-7-oracle/jre/lib/amd64/libinstrument.so
7f2a93bd5000-7f2a93dd4000 ---p 0000a000 08:01 3943050                    /usr/lib/jvm/java-7-oracle/jre/lib/amd64/libinstrument.so
7f2a93dd4000-7f2a93dd5000 rw-p 00009000 08:01 3943050                    /usr/lib/jvm/java-7-oracle/jre/lib/amd64/libinstrument.so
7f2a93dd5000-7f2a93dfe000 r-xp 00000000 08:01 3943058                    /usr/lib/jvm/java-7-oracle/jre/lib/amd64/libjava.so
7f2a93dfe000-7f2a93ffe000 ---p 00029000 08:01 3943058                    /usr/lib/jvm/java-7-oracle/jre/lib/amd64/libjava.so
7f2a93ffe000-7f2a94000000 rw-p 00029000 08:01 3943058                    /usr/lib/jvm/java-7-oracle/jre/lib/amd64/libjava.so
7f2a94000000-7f2a958c1000 rw-p 00000000 00:00 0 
7f2a958c1000-7f2a98000000 ---p 00000000 00:00 0 
7f2a98000000-7f2a98002000 r--s 00003000 08:01 2280363                    /root/.gradle/caches/modules-2/files-2.1/org.slf4j/jcl-over-slf4j/1.7.24/e6a8629079856a2aa7862c6327ccf6dd1988d7fc/jcl-over-slf4j-1.7.24.jar
7f2a98002000-7f2a9800f000 r--s 000b6000 08:01 2280352                    /root/.gradle/caches/modules-2/files-2.1/org.grails/grails-core/3.2.8/190146aad60c4ea86cca4d8831f0cccf6512dad3/grails-core-3.2.8.jar
7f2a9800f000-7f2a98110000 rw-p 00000000 00:00 0 
7f2a98110000-7f2a9811d000 r-xp 00000000 08:01 3943051                    /usr/lib/jvm/java-7-oracle/jre/lib/amd64/libverify.so
7f2a9811d000-7f2a9831c000 ---p 0000d000 08:01 3943051                    /usr/lib/jvm/java-7-oracle/jre/lib/amd64/libverify.so
7f2a9831c000-7f2a9831e000 rw-p 0000c000 08:01 3943051                    /usr/lib/jvm/java-7-oracle/jre/lib/amd64/libverify.so
7f2a9831e000-7f2a98325000 r-xp 00000000 08:01 799436                     /lib/x86_64-linux-gnu/librt-2.19.so
7f2a98325000-7f2a98524000 ---p 00007000 08:01 799436                     /lib/x86_64-linux-gnu/librt-2.19.so
7f2a98524000-7f2a98525000 r--p 00006000 08:01 799436                     /lib/x86_64-linux-gnu/librt-2.19.so
7f2a98525000-7f2a98526000 rw-p 00007000 08:01 799436                     /lib/x86_64-linux-gnu/librt-2.19.so
7f2a98526000-7f2a9862b000 r-xp 00000000 08:01 799422                     /lib/x86_64-linux-gnu/libm-2.19.so
7f2a9862b000-7f2a9882a000 ---p 00105000 08:01 799422                     /lib/x86_64-linux-gnu/libm-2.19.so
7f2a9882a000-7f2a9882b000 r--p 00104000 08:01 799422                     /lib/x86_64-linux-gnu/libm-2.19.so
7f2a9882b000-7f2a9882c000 rw-p 00105000 08:01 799422                     /lib/x86_64-linux-gnu/libm-2.19.so
7f2a9882c000-7f2a993a2000 r-xp 00000000 08:01 3943056                    /usr/lib/jvm/java-7-oracle/jre/lib/amd64/server/libjvm.so
7f2a993a2000-7f2a995a1000 ---p 00b76000 08:01 3943056                    /usr/lib/jvm/java-7-oracle/jre/lib/amd64/server/libjvm.so
7f2a995a1000-7f2a99665000 rw-p 00b75000 08:01 3943056                    /usr/lib/jvm/java-7-oracle/jre/lib/amd64/server/libjvm.so
7f2a99665000-7f2a996a6000 rw-p 00000000 00:00 0 
7f2a996a6000-7f2a99860000 r-xp 00000000 08:01 799437                     /lib/x86_64-linux-gnu/libc-2.19.so
7f2a99860000-7f2a99a60000 ---p 001ba000 08:01 799437                     /lib/x86_64-linux-gnu/libc-2.19.so
7f2a99a60000-7f2a99a64000 r--p 001ba000 08:01 799437                     /lib/x86_64-linux-gnu/libc-2.19.so
7f2a99a64000-7f2a99a66000 rw-p 001be000 08:01 799437                     /lib/x86_64-linux-gnu/libc-2.19.so
7f2a99a66000-7f2a99a6b000 rw-p 00000000 00:00 0 
7f2a99a6b000-7f2a99a6e000 r-xp 00000000 08:01 799424                     /lib/x86_64-linux-gnu/libdl-2.19.so
7f2a99a6e000-7f2a99c6d000 ---p 00003000 08:01 799424                     /lib/x86_64-linux-gnu/libdl-2.19.so
7f2a99c6d000-7f2a99c6e000 r--p 00002000 08:01 799424                     /lib/x86_64-linux-gnu/libdl-2.19.so
7f2a99c6e000-7f2a99c6f000 rw-p 00003000 08:01 799424                     /lib/x86_64-linux-gnu/libdl-2.19.so
7f2a99c6f000-7f2a99c84000 r-xp 00000000 08:01 3938823                    /usr/lib/jvm/java-7-oracle/lib/amd64/jli/libjli.so
7f2a99c84000-7f2a99e83000 ---p 00015000 08:01 3938823                    /usr/lib/jvm/java-7-oracle/lib/amd64/jli/libjli.so
7f2a99e83000-7f2a99e84000 rw-p 00014000 08:01 3938823                    /usr/lib/jvm/java-7-oracle/lib/amd64/jli/libjli.so
7f2a99e84000-7f2a99e9d000 r-xp 00000000 08:01 799429                     /lib/x86_64-linux-gnu/libpthread-2.19.so
7f2a99e9d000-7f2a9a09c000 ---p 00019000 08:01 799429                     /lib/x86_64-linux-gnu/libpthread-2.19.so
7f2a9a09c000-7f2a9a09d000 r--p 00018000 08:01 799429                     /lib/x86_64-linux-gnu/libpthread-2.19.so
7f2a9a09d000-7f2a9a09e000 rw-p 00019000 08:01 799429                     /lib/x86_64-linux-gnu/libpthread-2.19.so
7f2a9a09e000-7f2a9a0a2000 rw-p 00000000 00:00 0 
7f2a9a0a2000-7f2a9a0c5000 r-xp 00000000 08:01 799430                     /lib/x86_64-linux-gnu/ld-2.19.so
7f2a9a0c5000-7f2a9a0c6000 r--s 00009000 08:01 2280373                    /root/.gradle/caches/modules-2/files-2.1/org.grails/grails-spring/3.2.8/827cd31a05fbc1bd1f00621f1f1b1f465d761767/grails-spring-3.2.8.jar
7f2a9a0c6000-7f2a9a0c7000 r--s 00009000 08:01 2279239                    /root/.gradle/caches/modules-2/files-2.1/org.grails.plugins/views-markup/1.1.5/3c4f189049e3636ba92daeab73b456da6c843763/views-markup-1.1.5.jar
7f2a9a0c7000-7f2a9a0ca000 r--s 00020000 08:01 2280359                    /root/.gradle/caches/modules-2/files-2.1/org.hibernate/hibernate-ehcache/5.1.3.Final/c51046ce1a6b79f494d345bf30c8c823b73090f3/hibernate-ehcache-5.1.3.Final.jar
7f2a9a0ca000-7f2a9a0cc000 r--s 00006000 08:01 2280080                    /root/.gradle/caches/modules-2/files-2.1/org.grails.plugins/hibernate5/6.0.9/61755678567dd72f1d6f8dd7f9cba3f832ee2090/hibernate5-6.0.9.jar
7f2a9a0cc000-7f2a9a0cd000 r--s 00006000 08:01 2280357                    /root/.gradle/caches/modules-2/files-2.1/org.grails.plugins/scaffolding/3.3.2/f83500d58083a0383b5a16731cd974b8b722a688/scaffolding-3.3.2.jar
7f2a9a0cd000-7f2a9a15b000 rw-p 00000000 00:00 0 
7f2a9a15b000-7f2a9a163000 ---p 00000000 00:00 0 
7f2a9a163000-7f2a9a1a9000 rw-p 00000000 00:00 0 
7f2a9a1a9000-7f2a9a1ac000 ---p 00000000 00:00 0 
7f2a9a1ac000-7f2a9a2ae000 rw-p 00000000 00:00 0                          [stack:5333]
7f2a9a2ae000-7f2a9a2b2000 r--s 00028000 08:01 2280356                    /root/.gradle/caches/modules-2/files-2.1/org.grails.plugins/cache/3.0.3/e857268f939b4b907ce91ff4f5217cfb97abcaa7/cache-3.0.3.jar
7f2a9a2b2000-7f2a9a2b3000 r--s 00001000 08:01 2280355                    /root/.gradle/caches/modules-2/files-2.1/org.grails/grails-web-boot/3.2.8/2fe946a26d33c8d071ef6f51ae1cdb09345d5b07/grails-web-boot-3.2.8.jar
7f2a9a2b3000-7f2a9a2b4000 r--s 00000000 08:01 2280354                    /root/.gradle/caches/modules-2/files-2.1/org.springframework.boot/spring-boot-starter-tomcat/1.4.5.RELEASE/546694a3b704f0cd1e9b810f032b77757e9e3475/spring-boot-starter-tomcat-1.4.5.RELEASE.jar
7f2a9a2b4000-7f2a9a2b5000 r--s 00000000 08:01 2280353                    /root/.gradle/caches/modules-2/files-2.1/org.springframework.boot/spring-boot-starter-actuator/1.4.5.RELEASE/92247e5155db90d8d07ddfd0ae0b7c3c2bc272f2/spring-boot-starter-actuator-1.4.5.RELEASE.jar
7f2a9a2b5000-7f2a9a2b6000 r--s 00000000 08:01 2280350                    /root/.gradle/caches/modules-2/files-2.1/org.springframework.boot/spring-boot-starter-logging/1.4.5.RELEASE/d5209df2b85ef6e8e6f455cc5529283c468b9921/spring-boot-starter-logging-1.4.5.RELEASE.jar
7f2a9a2b6000-7f2a9a2be000 rw-s 00000000 08:01 2289587                    /tmp/hsperfdata_root/5329
7f2a9a2be000-7f2a9a2bf000 rw-p 00000000 00:00 0 
7f2a9a2bf000-7f2a9a2c0000 r--p 00000000 00:00 0 
7f2a9a2c0000-7f2a9a2c2000 rw-p 00000000 00:00 0 
7f2a9a2c2000-7f2a9a2c4000 r-xp 00000000 00:00 0                          [vdso]
7f2a9a2c4000-7f2a9a2c5000 r--p 00022000 08:01 799430                     /lib/x86_64-linux-gnu/ld-2.19.so
7f2a9a2c5000-7f2a9a2c6000 rw-p 00023000 08:01 799430                     /lib/x86_64-linux-gnu/ld-2.19.so
7f2a9a2c6000-7f2a9a2c7000 rw-p 00000000 00:00 0 
7fff29ddc000-7fff29e03000 rw-p 00000000 00:00 0                          [stack]
ffffffffff600000-ffffffffff601000 r-xp 00000000 00:00 0                  [vsyscall]

VM Arguments:
jvm_args: -Dendpoints.shutdown.enabled=true -Denv=development -Dfull.stacktrace=false -Dgrails.env=development -Dgrails.full.stacktrace=false -Dinfo.app.grailsVersion=3.2.8 -Dinfo.app.name=acme -Dinfo.app.version=0.1 -Dinteractive.mode.enabled=true -Djdk.reflect.allowGetCallerClass=true -Drun.active=true -Dspring.output.ansi.enabled=always -Dspringloaded=inclusions=grails.plugins..*;synchronize=true;allowSplitPackages=true;cacheDir=/var/www/html/xtras/users/MoaLaiSkirulais/evaca7571/build/springloaded -Dverbose=false -XX:PermSize=96m -XX:MaxPermSize=256m -XX:+TieredCompilation -XX:TieredStopAtLevel=1 -XX:CICompilerCount=3 -javaagent:/root/.gradle/caches/modules-2/files-2.1/org.springframework/springloaded/1.2.7.RELEASE/83d209e87380fd30a294cefd458ab6170722e80c/springloaded-1.2.7.RELEASE.jar -Xverify:none -Xms768m -Xmx768m -Dfile.encoding=UTF-8 -Duser.country=US -Duser.language=en -Duser.variant 
java_command: acme.Application
Launcher Type: SUN_STANDARD

Environment Variables:
PATH=/root/.sdkman/candidates/grails/current/bin:/usr/local/sbin:/usr/local/bin:/usr/sbin:/usr/bin:/sbin:/bin:/usr/games:/usr/local/games
SHELL=/bin/bash

Signal Handlers:
SIGSEGV: [libjvm.so+0x9a3b20], sa_mask[0]=0x7ffbfeff, sa_flags=0x10000004
SIGBUS: [libjvm.so+0x9a3b20], sa_mask[0]=0x7ffbfeff, sa_flags=0x10000004
SIGFPE: [libjvm.so+0x81e740], sa_mask[0]=0x7ffbfeff, sa_flags=0x10000004
SIGPIPE: [libjvm.so+0x81e740], sa_mask[0]=0x7ffbfeff, sa_flags=0x10000004
SIGXFSZ: [libjvm.so+0x81e740], sa_mask[0]=0x7ffbfeff, sa_flags=0x10000004
SIGILL: [libjvm.so+0x81e740], sa_mask[0]=0x7ffbfeff, sa_flags=0x10000004
SIGUSR1: SIG_DFL, sa_mask[0]=0x00000000, sa_flags=0x00000000
SIGUSR2: [libjvm.so+0x81ffb0], sa_mask[0]=0x00000004, sa_flags=0x10000004
SIGHUP: [libjvm.so+0x8210d0], sa_mask[0]=0x7ffbfeff, sa_flags=0x10000004
SIGINT: [libjvm.so+0x8210d0], sa_mask[0]=0x7ffbfeff, sa_flags=0x10000004
SIGTERM: [libjvm.so+0x8210d0], sa_mask[0]=0x7ffbfeff, sa_flags=0x10000004
SIGQUIT: [libjvm.so+0x8210d0], sa_mask[0]=0x7ffbfeff, sa_flags=0x10000004


---------------  S Y S T E M  ---------------

OS:jessie/sid

uname:Linux 3.13.0-32-generic #57-Ubuntu SMP Tue Jul 15 03:51:08 UTC 2014 x86_64
libc:glibc 2.19 NPTL 2.19 
rlimit: STACK 8192k, CORE 0k, NPROC 7776, NOFILE 4096, AS infinity
load average:0.04 0.04 0.07

/proc/meminfo:
MemTotal:        1017868 kB
MemFree:           73116 kB
Buffers:            1320 kB
Cached:            22816 kB
SwapCached:        76152 kB
Active:           429828 kB
Inactive:         421952 kB
Active(anon):     418612 kB
Inactive(anon):   411764 kB
Active(file):      11216 kB
Inactive(file):    10188 kB
Unevictable:           0 kB
Mlocked:               0 kB
SwapTotal:       1046524 kB
SwapFree:         481116 kB
Dirty:               252 kB
Writeback:             0 kB
AnonPages:        751904 kB
Mapped:            17260 kB
Shmem:              2720 kB
Slab:              37900 kB
SReclaimable:      17896 kB
SUnreclaim:        20004 kB
KernelStack:        4176 kB
PageTables:        19716 kB
NFS_Unstable:          0 kB
Bounce:                0 kB
WritebackTmp:          0 kB
CommitLimit:     1555456 kB
Committed_AS:    4062592 kB
VmallocTotal:   34359738367 kB
VmallocUsed:      145628 kB
VmallocChunk:   34359580224 kB
HardwareCorrupted:     0 kB
AnonHugePages:    198656 kB
HugePages_Total:       0
HugePages_Free:        0
HugePages_Rsvd:        0
HugePages_Surp:        0
Hugepagesize:       2048 kB
DirectMap4k:       53184 kB
DirectMap2M:      995328 kB
DirectMap1G:           0 kB


CPU:total 1 (1 cores per cpu, 1 threads per core) family 6 model 63 stepping 2, cmov, cx8, fxsr, mmx, sse, sse2, sse3, ssse3, sse4.1, sse4.2, popcnt, avx, avx2, aes, erms, tsc, tscinvbit

/proc/cpuinfo:
processor	: 0
vendor_id	: GenuineIntel
cpu family	: 6
model		: 63
model name	: Intel(R) Xeon(R) CPU E5-2650 v3 @ 2.30GHz
stepping	: 2
microcode	: 0x38
cpu MHz		: 2299.998
cache size	: 25600 KB
physical id	: 0
siblings	: 1
core id		: 0
cpu cores	: 1
apicid		: 0
initial apicid	: 0
fpu		: yes
fpu_exception	: yes
cpuid level	: 13
wp		: yes
flags		: fpu vme de pse tsc msr pae mce cx8 apic sep mtrr pge mca cmov pat pse36 clflush dts mmx fxsr sse sse2 ss syscall nx pdpe1gb rdtscp lm constant_tsc arch_perfmon pebs bts nopl xtopology tsc_reliable nonstop_tsc aperfmperf eagerfpu pni pclmulqdq ssse3 fma cx16 pcid sse4_1 sse4_2 x2apic movbe popcnt tsc_deadline_timer aes xsave avx f16c rdrand hypervisor lahf_lm abm ida arat epb xsaveopt pln pts dtherm fsgsbase tsc_adjust bmi1 avx2 smep bmi2 invpcid
bogomips	: 4599.99
clflush size	: 64
cache_alignment	: 64
address sizes	: 43 bits physical, 48 bits virtual
power management:



Memory: 4k page, physical 1017868k(73116k free), swap 1046524k(481116k free)

vm_info: Java HotSpot(TM) 64-Bit Server VM (24.80-b11) for linux-amd64 JRE (1.7.0_80-b15), built on Apr 10 2015 19:53:14 by "java_re" with gcc 4.3.0 20080428 (Red Hat 4.3.0-8)

time: Mon Sep 25 18:58:30 2017
elapsed time: 9178 seconds

