#
# There is insufficient memory for the Java Runtime Environment to continue.
# Native memory allocation (malloc) failed to allocate 536870912 bytes for committing reserved memory.
# Possible reasons:
#   The system is out of physical RAM or swap space
#   In 32 bit mode, the process size limit was hit
# Possible solutions:
#   Reduce memory load on the system
#   Increase physical memory or swap space
#   Check if swap backing store is full
#   Use 64 bit Java on a 64 bit OS
#   Decrease Java heap size (-Xmx/-Xms)
#   Decrease number of Java threads
#   Decrease Java thread stack sizes (-Xss)
#   Set larger code cache with -XX:ReservedCodeCacheSize=
# This output file may be truncated or incomplete.
#
#  Out of Memory Error (os_linux.cpp:2827), pid=29220, tid=140696761120512
#
# JRE version:  (7.0_121) (build )
# Java VM: OpenJDK 64-Bit Server VM (24.121-b00 mixed mode linux-amd64 compressed oops)
# Derivative: IcedTea 2.6.8
# Distribution: Ubuntu 14.04 LTS, package 7u121-2.6.8-1ubuntu0.14.04.3
# Failed to write core dump. Core dumps have been disabled. To enable core dumping, try "ulimit -c unlimited" before starting Java again
#

---------------  T H R E A D  ---------------

Current thread (0x00007ff67c00b000):  JavaThread "Unknown thread" [_thread_in_vm, id=29225, stack(0x00007ff68467b000,0x00007ff68477c000)]

Stack: [0x00007ff68467b000,0x00007ff68477c000],  sp=0x00007ff68477a4c0,  free space=1021k
Native frames: (J=compiled Java code, j=interpreted, Vv=VM code, C=native code)
V  [libjvm.so+0x95d975]
V  [libjvm.so+0x497ad4]
V  [libjvm.so+0x7d6a6b]
V  [libjvm.so+0x7d142f]
V  [libjvm.so+0x95a834]
V  [libjvm.so+0x57024b]
V  [libjvm.so+0x908c83]
V  [libjvm.so+0x570d27]
V  [libjvm.so+0x562e32]
V  [libjvm.so+0x92dfd7]
V  [libjvm.so+0x92e313]
V  [libjvm.so+0x5ab0d5]
V  [libjvm.so+0x913e1f]
V  [libjvm.so+0x616ca4]  JNI_CreateJavaVM+0x54
C  [libjli.so+0x2b48]


---------------  P R O C E S S  ---------------

Java Threads: ( => current thread )

Other Threads:

=>0x00007ff67c00b000 (exited) JavaThread "Unknown thread" [_thread_in_vm, id=29225, stack(0x00007ff68467b000,0x00007ff68477c000)]

VM state:not at safepoint (not fully initialized)

VM Mutex/Monitor currently owned by a thread: None

GC Heap History (0 events):
No events

Deoptimization events (0 events):
No events

Internal exceptions (0 events):
No events

Events (0 events):
No events


Dynamic libraries:
00400000-00401000 r-xp 00000000 08:01 3938583                            /usr/lib/jvm/java-7-openjdk-amd64/jre/bin/java
00600000-00601000 r--p 00000000 08:01 3938583                            /usr/lib/jvm/java-7-openjdk-amd64/jre/bin/java
00601000-00602000 rw-p 00001000 08:01 3938583                            /usr/lib/jvm/java-7-openjdk-amd64/jre/bin/java
019d3000-019f4000 rw-p 00000000 00:00 0                                  [heap]
c0000000-d0000000 rw-p 00000000 00:00 0 
f0000000-100000000 rw-p 00000000 00:00 0 
7ff676000000-7ff676270000 rwxp 00000000 00:00 0 
7ff676270000-7ff67c025000 rw-p 00000000 00:00 0 
7ff67c025000-7ff680000000 ---p 00000000 00:00 0 
7ff680f1f000-7ff680f9f000 rw-p 00000000 00:00 0 
7ff680f9f000-7ff68111f000 rw-p 00000000 00:00 0 
7ff68111f000-7ff68112a000 rw-p 00000000 00:00 0 
7ff68112a000-7ff6812a0000 rw-p 00000000 00:00 0 
7ff6812a0000-7ff6812a8000 r-xp 00000000 08:01 3938540                    /usr/lib/jvm/java-7-openjdk-amd64/jre/lib/amd64/libzip.so
7ff6812a8000-7ff6814a7000 ---p 00008000 08:01 3938540                    /usr/lib/jvm/java-7-openjdk-amd64/jre/lib/amd64/libzip.so
7ff6814a7000-7ff6814a8000 r--p 00007000 08:01 3938540                    /usr/lib/jvm/java-7-openjdk-amd64/jre/lib/amd64/libzip.so
7ff6814a8000-7ff6814a9000 rw-p 00008000 08:01 3938540                    /usr/lib/jvm/java-7-openjdk-amd64/jre/lib/amd64/libzip.so
7ff6814a9000-7ff6814b3000 r-xp 00000000 08:01 799440                     /lib/x86_64-linux-gnu/libnss_files-2.19.so
7ff6814b3000-7ff6816b2000 ---p 0000a000 08:01 799440                     /lib/x86_64-linux-gnu/libnss_files-2.19.so
7ff6816b2000-7ff6816b3000 r--p 00009000 08:01 799440                     /lib/x86_64-linux-gnu/libnss_files-2.19.so
7ff6816b3000-7ff6816b4000 rw-p 0000a000 08:01 799440                     /lib/x86_64-linux-gnu/libnss_files-2.19.so
7ff6816b4000-7ff6816bf000 r-xp 00000000 08:01 799432                     /lib/x86_64-linux-gnu/libnss_nis-2.19.so
7ff6816bf000-7ff6818be000 ---p 0000b000 08:01 799432                     /lib/x86_64-linux-gnu/libnss_nis-2.19.so
7ff6818be000-7ff6818bf000 r--p 0000a000 08:01 799432                     /lib/x86_64-linux-gnu/libnss_nis-2.19.so
7ff6818bf000-7ff6818c0000 rw-p 0000b000 08:01 799432                     /lib/x86_64-linux-gnu/libnss_nis-2.19.so
7ff6818c0000-7ff6818d7000 r-xp 00000000 08:01 799428                     /lib/x86_64-linux-gnu/libnsl-2.19.so
7ff6818d7000-7ff681ad6000 ---p 00017000 08:01 799428                     /lib/x86_64-linux-gnu/libnsl-2.19.so
7ff681ad6000-7ff681ad7000 r--p 00016000 08:01 799428                     /lib/x86_64-linux-gnu/libnsl-2.19.so
7ff681ad7000-7ff681ad8000 rw-p 00017000 08:01 799428                     /lib/x86_64-linux-gnu/libnsl-2.19.so
7ff681ad8000-7ff681ada000 rw-p 00000000 00:00 0 
7ff681ada000-7ff681ae3000 r-xp 00000000 08:01 799427                     /lib/x86_64-linux-gnu/libnss_compat-2.19.so
7ff681ae3000-7ff681ce2000 ---p 00009000 08:01 799427                     /lib/x86_64-linux-gnu/libnss_compat-2.19.so
7ff681ce2000-7ff681ce3000 r--p 00008000 08:01 799427                     /lib/x86_64-linux-gnu/libnss_compat-2.19.so
7ff681ce3000-7ff681ce4000 rw-p 00009000 08:01 799427                     /lib/x86_64-linux-gnu/libnss_compat-2.19.so
7ff681ce4000-7ff681d0e000 r-xp 00000000 08:01 3938526                    /usr/lib/jvm/java-7-openjdk-amd64/jre/lib/amd64/libjava.so
7ff681d0e000-7ff681f0e000 ---p 0002a000 08:01 3938526                    /usr/lib/jvm/java-7-openjdk-amd64/jre/lib/amd64/libjava.so
7ff681f0e000-7ff681f0f000 r--p 0002a000 08:01 3938526                    /usr/lib/jvm/java-7-openjdk-amd64/jre/lib/amd64/libjava.so
7ff681f0f000-7ff681f11000 rw-p 0002b000 08:01 3938526                    /usr/lib/jvm/java-7-openjdk-amd64/jre/lib/amd64/libjava.so
7ff681f11000-7ff681f21000 r-xp 00000000 08:01 3938556                    /usr/lib/jvm/java-7-openjdk-amd64/jre/lib/amd64/libverify.so
7ff681f21000-7ff682120000 ---p 00010000 08:01 3938556                    /usr/lib/jvm/java-7-openjdk-amd64/jre/lib/amd64/libverify.so
7ff682120000-7ff682122000 r--p 0000f000 08:01 3938556                    /usr/lib/jvm/java-7-openjdk-amd64/jre/lib/amd64/libverify.so
7ff682122000-7ff682123000 rw-p 00011000 08:01 3938556                    /usr/lib/jvm/java-7-openjdk-amd64/jre/lib/amd64/libverify.so
7ff682123000-7ff68212a000 r-xp 00000000 08:01 799436                     /lib/x86_64-linux-gnu/librt-2.19.so
7ff68212a000-7ff682329000 ---p 00007000 08:01 799436                     /lib/x86_64-linux-gnu/librt-2.19.so
7ff682329000-7ff68232a000 r--p 00006000 08:01 799436                     /lib/x86_64-linux-gnu/librt-2.19.so
7ff68232a000-7ff68232b000 rw-p 00007000 08:01 799436                     /lib/x86_64-linux-gnu/librt-2.19.so
7ff68232b000-7ff682341000 r-xp 00000000 08:01 796416                     /lib/x86_64-linux-gnu/libgcc_s.so.1
7ff682341000-7ff682540000 ---p 00016000 08:01 796416                     /lib/x86_64-linux-gnu/libgcc_s.so.1
7ff682540000-7ff682541000 rw-p 00015000 08:01 796416                     /lib/x86_64-linux-gnu/libgcc_s.so.1
7ff682541000-7ff682646000 r-xp 00000000 08:01 799422                     /lib/x86_64-linux-gnu/libm-2.19.so
7ff682646000-7ff682845000 ---p 00105000 08:01 799422                     /lib/x86_64-linux-gnu/libm-2.19.so
7ff682845000-7ff682846000 r--p 00104000 08:01 799422                     /lib/x86_64-linux-gnu/libm-2.19.so
7ff682846000-7ff682847000 rw-p 00105000 08:01 799422                     /lib/x86_64-linux-gnu/libm-2.19.so
7ff682847000-7ff68292d000 r-xp 00000000 08:01 3542865                    /usr/lib/x86_64-linux-gnu/libstdc++.so.6.0.19
7ff68292d000-7ff682b2c000 ---p 000e6000 08:01 3542865                    /usr/lib/x86_64-linux-gnu/libstdc++.so.6.0.19
7ff682b2c000-7ff682b34000 r--p 000e5000 08:01 3542865                    /usr/lib/x86_64-linux-gnu/libstdc++.so.6.0.19
7ff682b34000-7ff682b36000 rw-p 000ed000 08:01 3542865                    /usr/lib/x86_64-linux-gnu/libstdc++.so.6.0.19
7ff682b36000-7ff682b4b000 rw-p 00000000 00:00 0 
7ff682b4b000-7ff683679000 r-xp 00000000 08:01 3938539                    /usr/lib/jvm/java-7-openjdk-amd64/jre/lib/amd64/server/libjvm.so
7ff683679000-7ff683879000 ---p 00b2e000 08:01 3938539                    /usr/lib/jvm/java-7-openjdk-amd64/jre/lib/amd64/server/libjvm.so
7ff683879000-7ff683913000 r--p 00b2e000 08:01 3938539                    /usr/lib/jvm/java-7-openjdk-amd64/jre/lib/amd64/server/libjvm.so
7ff683913000-7ff683936000 rw-p 00bc8000 08:01 3938539                    /usr/lib/jvm/java-7-openjdk-amd64/jre/lib/amd64/server/libjvm.so
7ff683936000-7ff683965000 rw-p 00000000 00:00 0 
7ff683965000-7ff68397d000 r-xp 00000000 08:01 786718                     /lib/x86_64-linux-gnu/libz.so.1.2.8
7ff68397d000-7ff683b7c000 ---p 00018000 08:01 786718                     /lib/x86_64-linux-gnu/libz.so.1.2.8
7ff683b7c000-7ff683b7d000 r--p 00017000 08:01 786718                     /lib/x86_64-linux-gnu/libz.so.1.2.8
7ff683b7d000-7ff683b7e000 rw-p 00018000 08:01 786718                     /lib/x86_64-linux-gnu/libz.so.1.2.8
7ff683b7e000-7ff683b97000 r-xp 00000000 08:01 799429                     /lib/x86_64-linux-gnu/libpthread-2.19.so
7ff683b97000-7ff683d96000 ---p 00019000 08:01 799429                     /lib/x86_64-linux-gnu/libpthread-2.19.so
7ff683d96000-7ff683d97000 r--p 00018000 08:01 799429                     /lib/x86_64-linux-gnu/libpthread-2.19.so
7ff683d97000-7ff683d98000 rw-p 00019000 08:01 799429                     /lib/x86_64-linux-gnu/libpthread-2.19.so
7ff683d98000-7ff683d9c000 rw-p 00000000 00:00 0 
7ff683d9c000-7ff683d9f000 r-xp 00000000 08:01 799424                     /lib/x86_64-linux-gnu/libdl-2.19.so
7ff683d9f000-7ff683f9e000 ---p 00003000 08:01 799424                     /lib/x86_64-linux-gnu/libdl-2.19.so
7ff683f9e000-7ff683f9f000 r--p 00002000 08:01 799424                     /lib/x86_64-linux-gnu/libdl-2.19.so
7ff683f9f000-7ff683fa0000 rw-p 00003000 08:01 799424                     /lib/x86_64-linux-gnu/libdl-2.19.so
7ff683fa0000-7ff68415a000 r-xp 00000000 08:01 799437                     /lib/x86_64-linux-gnu/libc-2.19.so
7ff68415a000-7ff68435a000 ---p 001ba000 08:01 799437                     /lib/x86_64-linux-gnu/libc-2.19.so
7ff68435a000-7ff68435e000 r--p 001ba000 08:01 799437                     /lib/x86_64-linux-gnu/libc-2.19.so
7ff68435e000-7ff684360000 rw-p 001be000 08:01 799437                     /lib/x86_64-linux-gnu/libc-2.19.so
7ff684360000-7ff684365000 rw-p 00000000 00:00 0 
7ff684365000-7ff684372000 r-xp 00000000 08:01 3938529                    /usr/lib/jvm/java-7-openjdk-amd64/jre/lib/amd64/jli/libjli.so
7ff684372000-7ff684571000 ---p 0000d000 08:01 3938529                    /usr/lib/jvm/java-7-openjdk-amd64/jre/lib/amd64/jli/libjli.so
7ff684571000-7ff684572000 r--p 0000c000 08:01 3938529                    /usr/lib/jvm/java-7-openjdk-amd64/jre/lib/amd64/jli/libjli.so
7ff684572000-7ff684573000 rw-p 0000d000 08:01 3938529                    /usr/lib/jvm/java-7-openjdk-amd64/jre/lib/amd64/jli/libjli.so
7ff684573000-7ff684596000 r-xp 00000000 08:01 799430                     /lib/x86_64-linux-gnu/ld-2.19.so
7ff68467b000-7ff68467e000 ---p 00000000 00:00 0 
7ff68467e000-7ff684781000 rw-p 00000000 00:00 0                          [stack:29225]
7ff684787000-7ff684789000 rw-p 00000000 00:00 0 
7ff684789000-7ff684791000 rw-s 00000000 08:01 2287871                    /tmp/hsperfdata_root/29220
7ff684791000-7ff684792000 rw-p 00000000 00:00 0 
7ff684792000-7ff684793000 r--p 00000000 00:00 0 
7ff684793000-7ff684795000 rw-p 00000000 00:00 0 
7ff684795000-7ff684796000 r--p 00022000 08:01 799430                     /lib/x86_64-linux-gnu/ld-2.19.so
7ff684796000-7ff684797000 rw-p 00023000 08:01 799430                     /lib/x86_64-linux-gnu/ld-2.19.so
7ff684797000-7ff684798000 rw-p 00000000 00:00 0 
7fff51123000-7fff51144000 rw-p 00000000 00:00 0                          [stack]
7fff511fe000-7fff51200000 r-xp 00000000 00:00 0                          [vdso]
ffffffffff600000-ffffffffff601000 r-xp 00000000 00:00 0                  [vsyscall]

VM Arguments:
jvm_args: -Denv=test -Dfull.stacktrace=false -Dgrails.env=test -Dgrails.full.stacktrace=false -Dinfo.app.grailsVersion=3.2.8 -Dinfo.app.name=acme -Dinfo.app.version=0.1 -Djava.security.manager=worker.org.gradle.process.internal.worker.child.BootstrapSecurityManager -Drun.active=true -Dverbose=false -XX:PermSize=96m -XX:MaxPermSize=256m -XX:+TieredCompilation -XX:TieredStopAtLevel=1 -XX:CICompilerCount=3 -Xms768m -Xmx768m -Dfile.encoding=UTF-8 -Duser.country=US -Duser.language=en -Duser.variant -ea 
java_command: worker.org.gradle.process.internal.worker.GradleWorkerMain 'Gradle Test Executor 2'
Launcher Type: SUN_STANDARD

Environment Variables:
PATH=/root/.sdkman/candidates/grails/current/bin:/usr/local/sbin:/usr/local/bin:/usr/sbin:/usr/bin:/sbin:/bin:/usr/games:/usr/local/games
SHELL=/bin/bash

Signal Handlers:
SIGSEGV: [libjvm.so+0x95e460], sa_mask[0]=0x7ffbfeff, sa_flags=0x10000004
SIGBUS: [libjvm.so+0x95e460], sa_mask[0]=0x7ffbfeff, sa_flags=0x10000004
SIGFPE: [libjvm.so+0x7d2030], sa_mask[0]=0x7ffbfeff, sa_flags=0x10000004
SIGPIPE: [libjvm.so+0x7d2030], sa_mask[0]=0x7ffbfeff, sa_flags=0x10000004
SIGXFSZ: [libjvm.so+0x7d2030], sa_mask[0]=0x7ffbfeff, sa_flags=0x10000004
SIGILL: [libjvm.so+0x7d2030], sa_mask[0]=0x7ffbfeff, sa_flags=0x10000004
SIGUSR1: SIG_DFL, sa_mask[0]=0x00000000, sa_flags=0x00000000
SIGUSR2: [libjvm.so+0x7d2160], sa_mask[0]=0x00000004, sa_flags=0x10000004
SIGHUP: SIG_DFL, sa_mask[0]=0x00000000, sa_flags=0x00000000
SIGINT: SIG_DFL, sa_mask[0]=0x00000000, sa_flags=0x00000000
SIGTERM: SIG_DFL, sa_mask[0]=0x00000000, sa_flags=0x00000000
SIGQUIT: SIG_DFL, sa_mask[0]=0x00000000, sa_flags=0x00000000
SIGTRAP: SIG_DFL, sa_mask[0]=0x00000000, sa_flags=0x00000000


---------------  S Y S T E M  ---------------

OS:Ubuntu 14.04 (trusty)
uname:Linux 3.13.0-32-generic #57-Ubuntu SMP Tue Jul 15 03:51:08 UTC 2014 x86_64
libc:glibc 2.19 NPTL 2.19 
rlimit: STACK 8192k, CORE 0k, NPROC 7776, NOFILE 4096, AS infinity
load average:0.85 0.29 0.16

/proc/meminfo:
MemTotal:        1017868 kB
MemFree:          164200 kB
Buffers:             828 kB
Cached:           104476 kB
SwapCached:        21668 kB
Active:           314892 kB
Inactive:         437368 kB
Active(anon):     276356 kB
Inactive(anon):   378196 kB
Active(file):      38536 kB
Inactive(file):    59172 kB
Unevictable:           0 kB
Mlocked:               0 kB
SwapTotal:       1046524 kB
SwapFree:         228020 kB
Dirty:               424 kB
Writeback:             0 kB
AnonPages:        626484 kB
Mapped:            27992 kB
Shmem:              7544 kB
Slab:              48684 kB
SReclaimable:      30388 kB
SUnreclaim:        18296 kB
KernelStack:        2632 kB
PageTables:        18404 kB
NFS_Unstable:          0 kB
Bounce:                0 kB
WritebackTmp:          0 kB
CommitLimit:     1555456 kB
Committed_AS:    2849848 kB
VmallocTotal:   34359738367 kB
VmallocUsed:      145436 kB
VmallocChunk:   34359582712 kB
HardwareCorrupted:     0 kB
AnonHugePages:    186368 kB
HugePages_Total:       0
HugePages_Free:        0
HugePages_Rsvd:        0
HugePages_Surp:        0
Hugepagesize:       2048 kB
DirectMap4k:       47040 kB
DirectMap2M:     1001472 kB
DirectMap1G:           0 kB


CPU:total 1 (1 cores per cpu, 1 threads per core) family 6 model 63 stepping 2, cmov, cx8, fxsr, mmx, sse, sse2, sse3, ssse3, sse4.1, sse4.2, popcnt, avx, avx2, aes, erms, tsc, tscinvbit

/proc/cpuinfo:
processor	: 0
vendor_id	: GenuineIntel
cpu family	: 6
model		: 63
model name	: Intel(R) Xeon(R) CPU E5-2650 v3 @ 2.30GHz
stepping	: 2
microcode	: 0x38
cpu MHz		: 2299.998
cache size	: 25600 KB
physical id	: 0
siblings	: 1
core id		: 0
cpu cores	: 1
apicid		: 0
initial apicid	: 0
fpu		: yes
fpu_exception	: yes
cpuid level	: 13
wp		: yes
flags		: fpu vme de pse tsc msr pae mce cx8 apic sep mtrr pge mca cmov pat pse36 clflush dts mmx fxsr sse sse2 ss syscall nx pdpe1gb rdtscp lm constant_tsc arch_perfmon pebs bts nopl xtopology tsc_reliable nonstop_tsc aperfmperf eagerfpu pni pclmulqdq ssse3 fma cx16 pcid sse4_1 sse4_2 x2apic movbe popcnt tsc_deadline_timer aes xsave avx f16c rdrand hypervisor lahf_lm abm ida arat epb xsaveopt pln pts dtherm fsgsbase tsc_adjust bmi1 avx2 smep bmi2 invpcid
bogomips	: 4599.99
clflush size	: 64
cache_alignment	: 64
address sizes	: 43 bits physical, 48 bits virtual
power management:



Memory: 4k page, physical 1017868k(164200k free), swap 1046524k(228020k free)

vm_info: OpenJDK 64-Bit Server VM (24.121-b00) for linux-amd64 JRE (1.7.0_121-b00), built on Feb  7 2017 18:45:58 by "buildd" with gcc 4.8.4

time: Tue Apr 11 15:09:08 2017
elapsed time: 0 seconds

