#
# There is insufficient memory for the Java Runtime Environment to continue.
# Native memory allocation (malloc) failed to allocate 536870912 bytes for committing reserved memory.
# Possible reasons:
#   The system is out of physical RAM or swap space
#   In 32 bit mode, the process size limit was hit
# Possible solutions:
#   Reduce memory load on the system
#   Increase physical memory or swap space
#   Check if swap backing store is full
#   Use 64 bit Java on a 64 bit OS
#   Decrease Java heap size (-Xmx/-Xms)
#   Decrease number of Java threads
#   Decrease Java thread stack sizes (-Xss)
#   Set larger code cache with -XX:ReservedCodeCacheSize=
# This output file may be truncated or incomplete.
#
#  Out of Memory Error (os_linux.cpp:2756), pid=29931, tid=140469246924544
#
# JRE version:  (7.0_80-b15) (build )
# Java VM: Java HotSpot(TM) 64-Bit Server VM (24.80-b11 mixed mode linux-amd64 compressed oops)
# Failed to write core dump. Core dumps have been disabled. To enable core dumping, try "ulimit -c unlimited" before starting Java again
#

---------------  T H R E A D  ---------------

Current thread (0x00007fc18400a800):  JavaThread "Unknown thread" [_thread_in_vm, id=29936, stack(0x00007fc18b809000,0x00007fc18b90a000)]

Stack: [0x00007fc18b809000,0x00007fc18b90a000],  sp=0x00007fc18b908330,  free space=1020k
Native frames: (J=compiled Java code, j=interpreted, Vv=VM code, C=native code)
V  [libjvm.so+0x9a320a]  VMError::report_and_die()+0x2ea
V  [libjvm.so+0x498d3b]  report_vm_out_of_memory(char const*, int, unsigned long, char const*)+0x9b
V  [libjvm.so+0x82191e]  os::Linux::commit_memory_impl(char*, unsigned long, bool)+0xfe
V  [libjvm.so+0x821e69]  os::pd_commit_memory(char*, unsigned long, unsigned long, bool)+0x29
V  [libjvm.so+0x81bb6a]  os::commit_memory(char*, unsigned long, unsigned long, bool)+0x2a
V  [libjvm.so+0x99ea19]  VirtualSpace::expand_by(unsigned long, bool)+0x1c9
V  [libjvm.so+0x99eb9d]  VirtualSpace::initialize(ReservedSpace, unsigned long)+0xcd
V  [libjvm.so+0x57a5cf]  CardGeneration::CardGeneration(ReservedSpace, unsigned long, int, GenRemSet*)+0x11f
V  [libjvm.so+0x9533d3]  TenuredGeneration::TenuredGeneration(ReservedSpace, unsigned long, int, GenRemSet*)+0x83
V  [libjvm.so+0x57bb5d]  GenerationSpec::init(ReservedSpace, int, GenRemSet*)+0x3bd
V  [libjvm.so+0x56bf84]  GenCollectedHeap::initialize()+0x344
V  [libjvm.so+0x97509a]  Universe::initialize_heap()+0xca
V  [libjvm.so+0x976269]  universe_init()+0x79
V  [libjvm.so+0x5b2f25]  init_globals()+0x65
V  [libjvm.so+0x95db4d]  Threads::create_vm(JavaVMInitArgs*, bool*)+0x1ed
V  [libjvm.so+0x63b2e4]  JNI_CreateJavaVM+0x74
C  [libjli.so+0x2f8e]  JavaMain+0x9e


---------------  P R O C E S S  ---------------

Java Threads: ( => current thread )

Other Threads:

=>0x00007fc18400a800 (exited) JavaThread "Unknown thread" [_thread_in_vm, id=29936, stack(0x00007fc18b809000,0x00007fc18b90a000)]

VM state:not at safepoint (not fully initialized)

VM Mutex/Monitor currently owned by a thread: None

GC Heap History (0 events):
No events

Deoptimization events (0 events):
No events

Internal exceptions (0 events):
No events

Events (0 events):
No events


Dynamic libraries:
00400000-00401000 r-xp 00000000 08:01 3938787                            /usr/lib/jvm/java-7-oracle/bin/java
00600000-00601000 rw-p 00000000 08:01 3938787                            /usr/lib/jvm/java-7-oracle/bin/java
018bb000-018dc000 rw-p 00000000 00:00 0                                  [heap]
c0000000-d0000000 rw-p 00000000 00:00 0 
f0000000-100000000 rw-p 00000000 00:00 0 
7fc17e000000-7fc17e270000 rwxp 00000000 00:00 0 
7fc17e270000-7fc184028000 rw-p 00000000 00:00 0 
7fc184028000-7fc188000000 ---p 00000000 00:00 0 
7fc188602000-7fc1887ef000 rw-p 00000000 00:00 0 
7fc1887ef000-7fc18896f000 rw-p 00000000 00:00 0 
7fc18896f000-7fc18897a000 rw-p 00000000 00:00 0 
7fc18897a000-7fc188af0000 rw-p 00000000 00:00 0 
7fc188af0000-7fc188b07000 r-xp 00000000 08:01 3943052                    /usr/lib/jvm/java-7-oracle/jre/lib/amd64/libzip.so
7fc188b07000-7fc188d07000 ---p 00017000 08:01 3943052                    /usr/lib/jvm/java-7-oracle/jre/lib/amd64/libzip.so
7fc188d07000-7fc188d08000 rw-p 00017000 08:01 3943052                    /usr/lib/jvm/java-7-oracle/jre/lib/amd64/libzip.so
7fc188d08000-7fc188d12000 r-xp 00000000 08:01 799440                     /lib/x86_64-linux-gnu/libnss_files-2.19.so
7fc188d12000-7fc188f11000 ---p 0000a000 08:01 799440                     /lib/x86_64-linux-gnu/libnss_files-2.19.so
7fc188f11000-7fc188f12000 r--p 00009000 08:01 799440                     /lib/x86_64-linux-gnu/libnss_files-2.19.so
7fc188f12000-7fc188f13000 rw-p 0000a000 08:01 799440                     /lib/x86_64-linux-gnu/libnss_files-2.19.so
7fc188f13000-7fc188f1e000 r-xp 00000000 08:01 799432                     /lib/x86_64-linux-gnu/libnss_nis-2.19.so
7fc188f1e000-7fc18911d000 ---p 0000b000 08:01 799432                     /lib/x86_64-linux-gnu/libnss_nis-2.19.so
7fc18911d000-7fc18911e000 r--p 0000a000 08:01 799432                     /lib/x86_64-linux-gnu/libnss_nis-2.19.so
7fc18911e000-7fc18911f000 rw-p 0000b000 08:01 799432                     /lib/x86_64-linux-gnu/libnss_nis-2.19.so
7fc18911f000-7fc189136000 r-xp 00000000 08:01 799428                     /lib/x86_64-linux-gnu/libnsl-2.19.so
7fc189136000-7fc189335000 ---p 00017000 08:01 799428                     /lib/x86_64-linux-gnu/libnsl-2.19.so
7fc189335000-7fc189336000 r--p 00016000 08:01 799428                     /lib/x86_64-linux-gnu/libnsl-2.19.so
7fc189336000-7fc189337000 rw-p 00017000 08:01 799428                     /lib/x86_64-linux-gnu/libnsl-2.19.so
7fc189337000-7fc189339000 rw-p 00000000 00:00 0 
7fc189339000-7fc189342000 r-xp 00000000 08:01 799427                     /lib/x86_64-linux-gnu/libnss_compat-2.19.so
7fc189342000-7fc189541000 ---p 00009000 08:01 799427                     /lib/x86_64-linux-gnu/libnss_compat-2.19.so
7fc189541000-7fc189542000 r--p 00008000 08:01 799427                     /lib/x86_64-linux-gnu/libnss_compat-2.19.so
7fc189542000-7fc189543000 rw-p 00009000 08:01 799427                     /lib/x86_64-linux-gnu/libnss_compat-2.19.so
7fc189543000-7fc18956c000 r-xp 00000000 08:01 3943058                    /usr/lib/jvm/java-7-oracle/jre/lib/amd64/libjava.so
7fc18956c000-7fc18976c000 ---p 00029000 08:01 3943058                    /usr/lib/jvm/java-7-oracle/jre/lib/amd64/libjava.so
7fc18976c000-7fc18976e000 rw-p 00029000 08:01 3943058                    /usr/lib/jvm/java-7-oracle/jre/lib/amd64/libjava.so
7fc18976e000-7fc18977b000 r-xp 00000000 08:01 3943051                    /usr/lib/jvm/java-7-oracle/jre/lib/amd64/libverify.so
7fc18977b000-7fc18997a000 ---p 0000d000 08:01 3943051                    /usr/lib/jvm/java-7-oracle/jre/lib/amd64/libverify.so
7fc18997a000-7fc18997c000 rw-p 0000c000 08:01 3943051                    /usr/lib/jvm/java-7-oracle/jre/lib/amd64/libverify.so
7fc18997c000-7fc189983000 r-xp 00000000 08:01 799436                     /lib/x86_64-linux-gnu/librt-2.19.so
7fc189983000-7fc189b82000 ---p 00007000 08:01 799436                     /lib/x86_64-linux-gnu/librt-2.19.so
7fc189b82000-7fc189b83000 r--p 00006000 08:01 799436                     /lib/x86_64-linux-gnu/librt-2.19.so
7fc189b83000-7fc189b84000 rw-p 00007000 08:01 799436                     /lib/x86_64-linux-gnu/librt-2.19.so
7fc189b84000-7fc189c89000 r-xp 00000000 08:01 799422                     /lib/x86_64-linux-gnu/libm-2.19.so
7fc189c89000-7fc189e88000 ---p 00105000 08:01 799422                     /lib/x86_64-linux-gnu/libm-2.19.so
7fc189e88000-7fc189e89000 r--p 00104000 08:01 799422                     /lib/x86_64-linux-gnu/libm-2.19.so
7fc189e89000-7fc189e8a000 rw-p 00105000 08:01 799422                     /lib/x86_64-linux-gnu/libm-2.19.so
7fc189e8a000-7fc18aa00000 r-xp 00000000 08:01 3943056                    /usr/lib/jvm/java-7-oracle/jre/lib/amd64/server/libjvm.so
7fc18aa00000-7fc18abff000 ---p 00b76000 08:01 3943056                    /usr/lib/jvm/java-7-oracle/jre/lib/amd64/server/libjvm.so
7fc18abff000-7fc18acc3000 rw-p 00b75000 08:01 3943056                    /usr/lib/jvm/java-7-oracle/jre/lib/amd64/server/libjvm.so
7fc18acc3000-7fc18ad04000 rw-p 00000000 00:00 0 
7fc18ad04000-7fc18aebe000 r-xp 00000000 08:01 799437                     /lib/x86_64-linux-gnu/libc-2.19.so
7fc18aebe000-7fc18b0be000 ---p 001ba000 08:01 799437                     /lib/x86_64-linux-gnu/libc-2.19.so
7fc18b0be000-7fc18b0c2000 r--p 001ba000 08:01 799437                     /lib/x86_64-linux-gnu/libc-2.19.so
7fc18b0c2000-7fc18b0c4000 rw-p 001be000 08:01 799437                     /lib/x86_64-linux-gnu/libc-2.19.so
7fc18b0c4000-7fc18b0c9000 rw-p 00000000 00:00 0 
7fc18b0c9000-7fc18b0cc000 r-xp 00000000 08:01 799424                     /lib/x86_64-linux-gnu/libdl-2.19.so
7fc18b0cc000-7fc18b2cb000 ---p 00003000 08:01 799424                     /lib/x86_64-linux-gnu/libdl-2.19.so
7fc18b2cb000-7fc18b2cc000 r--p 00002000 08:01 799424                     /lib/x86_64-linux-gnu/libdl-2.19.so
7fc18b2cc000-7fc18b2cd000 rw-p 00003000 08:01 799424                     /lib/x86_64-linux-gnu/libdl-2.19.so
7fc18b2cd000-7fc18b2e2000 r-xp 00000000 08:01 3938823                    /usr/lib/jvm/java-7-oracle/lib/amd64/jli/libjli.so
7fc18b2e2000-7fc18b4e1000 ---p 00015000 08:01 3938823                    /usr/lib/jvm/java-7-oracle/lib/amd64/jli/libjli.so
7fc18b4e1000-7fc18b4e2000 rw-p 00014000 08:01 3938823                    /usr/lib/jvm/java-7-oracle/lib/amd64/jli/libjli.so
7fc18b4e2000-7fc18b4fb000 r-xp 00000000 08:01 799429                     /lib/x86_64-linux-gnu/libpthread-2.19.so
7fc18b4fb000-7fc18b6fa000 ---p 00019000 08:01 799429                     /lib/x86_64-linux-gnu/libpthread-2.19.so
7fc18b6fa000-7fc18b6fb000 r--p 00018000 08:01 799429                     /lib/x86_64-linux-gnu/libpthread-2.19.so
7fc18b6fb000-7fc18b6fc000 rw-p 00019000 08:01 799429                     /lib/x86_64-linux-gnu/libpthread-2.19.so
7fc18b6fc000-7fc18b700000 rw-p 00000000 00:00 0 
7fc18b700000-7fc18b723000 r-xp 00000000 08:01 799430                     /lib/x86_64-linux-gnu/ld-2.19.so
7fc18b72d000-7fc18b809000 rw-p 00000000 00:00 0 
7fc18b809000-7fc18b80c000 ---p 00000000 00:00 0 
7fc18b80c000-7fc18b90e000 rw-p 00000000 00:00 0                          [stack:29936]
7fc18b914000-7fc18b916000 rw-p 00000000 00:00 0 
7fc18b916000-7fc18b91e000 rw-s 00000000 08:01 2287872                    /tmp/hsperfdata_root/29931
7fc18b91e000-7fc18b91f000 rw-p 00000000 00:00 0 
7fc18b91f000-7fc18b920000 r--p 00000000 00:00 0 
7fc18b920000-7fc18b922000 rw-p 00000000 00:00 0 
7fc18b922000-7fc18b923000 r--p 00022000 08:01 799430                     /lib/x86_64-linux-gnu/ld-2.19.so
7fc18b923000-7fc18b924000 rw-p 00023000 08:01 799430                     /lib/x86_64-linux-gnu/ld-2.19.so
7fc18b924000-7fc18b925000 rw-p 00000000 00:00 0 
7fff61e26000-7fff61e47000 rw-p 00000000 00:00 0                          [stack]
7fff61ed2000-7fff61ed4000 r-xp 00000000 00:00 0                          [vdso]
ffffffffff600000-ffffffffff601000 r-xp 00000000 00:00 0                  [vsyscall]

VM Arguments:
jvm_args: -Denv=test -Dfull.stacktrace=false -Dgrails.env=test -Dgrails.full.stacktrace=false -Dinfo.app.grailsVersion=3.2.8 -Dinfo.app.name=acme -Dinfo.app.version=0.1 -Djava.security.manager=worker.org.gradle.process.internal.worker.child.BootstrapSecurityManager -Drun.active=true -Dverbose=false -XX:PermSize=96m -XX:MaxPermSize=256m -XX:+TieredCompilation -XX:TieredStopAtLevel=1 -XX:CICompilerCount=3 -Xms768m -Xmx768m -Dfile.encoding=UTF-8 -Duser.country=US -Duser.language=en -Duser.variant -ea 
java_command: worker.org.gradle.process.internal.worker.GradleWorkerMain 'Gradle Test Executor 1'
Launcher Type: SUN_STANDARD

Environment Variables:
PATH=/root/.sdkman/candidates/grails/current/bin:/usr/local/sbin:/usr/local/bin:/usr/sbin:/usr/bin:/sbin:/bin:/usr/games:/usr/local/games
SHELL=/bin/bash

Signal Handlers:
SIGSEGV: [libjvm.so+0x9a3b20], sa_mask[0]=0x7ffbfeff, sa_flags=0x10000004
SIGBUS: [libjvm.so+0x9a3b20], sa_mask[0]=0x7ffbfeff, sa_flags=0x10000004
SIGFPE: [libjvm.so+0x81e740], sa_mask[0]=0x7ffbfeff, sa_flags=0x10000004
SIGPIPE: [libjvm.so+0x81e740], sa_mask[0]=0x7ffbfeff, sa_flags=0x10000004
SIGXFSZ: [libjvm.so+0x81e740], sa_mask[0]=0x7ffbfeff, sa_flags=0x10000004
SIGILL: [libjvm.so+0x81e740], sa_mask[0]=0x7ffbfeff, sa_flags=0x10000004
SIGUSR1: SIG_DFL, sa_mask[0]=0x00000000, sa_flags=0x00000000
SIGUSR2: [libjvm.so+0x81ffb0], sa_mask[0]=0x00000004, sa_flags=0x10000004
SIGHUP: SIG_DFL, sa_mask[0]=0x00000000, sa_flags=0x00000000
SIGINT: SIG_DFL, sa_mask[0]=0x00000000, sa_flags=0x00000000
SIGTERM: SIG_DFL, sa_mask[0]=0x00000000, sa_flags=0x00000000
SIGQUIT: SIG_DFL, sa_mask[0]=0x00000000, sa_flags=0x00000000


---------------  S Y S T E M  ---------------

OS:jessie/sid

uname:Linux 3.13.0-32-generic #57-Ubuntu SMP Tue Jul 15 03:51:08 UTC 2014 x86_64
libc:glibc 2.19 NPTL 2.19 
rlimit: STACK 8192k, CORE 0k, NPROC 7776, NOFILE 4096, AS infinity
load average:0.85 0.26 0.15

/proc/meminfo:
MemTotal:        1017868 kB
MemFree:           69080 kB
Buffers:           10372 kB
Cached:           109096 kB
SwapCached:        31388 kB
Active:           471592 kB
Inactive:         379980 kB
Active(anon):     414060 kB
Inactive(anon):   325608 kB
Active(file):      57532 kB
Inactive(file):    54372 kB
Unevictable:           0 kB
Mlocked:               0 kB
SwapTotal:       1046524 kB
SwapFree:         145256 kB
Dirty:               216 kB
Writeback:             0 kB
AnonPages:        701404 kB
Mapped:            42676 kB
Shmem:              7484 kB
Slab:              43932 kB
SReclaimable:      25436 kB
SUnreclaim:        18496 kB
KernelStack:        2736 kB
PageTables:        18960 kB
NFS_Unstable:          0 kB
Bounce:                0 kB
WritebackTmp:          0 kB
CommitLimit:     1555456 kB
Committed_AS:    3030136 kB
VmallocTotal:   34359738367 kB
VmallocUsed:      145436 kB
VmallocChunk:   34359582712 kB
HardwareCorrupted:     0 kB
AnonHugePages:    157696 kB
HugePages_Total:       0
HugePages_Free:        0
HugePages_Rsvd:        0
HugePages_Surp:        0
Hugepagesize:       2048 kB
DirectMap4k:       47040 kB
DirectMap2M:     1001472 kB
DirectMap1G:           0 kB


CPU:total 1 (1 cores per cpu, 1 threads per core) family 6 model 63 stepping 2, cmov, cx8, fxsr, mmx, sse, sse2, sse3, ssse3, sse4.1, sse4.2, popcnt, avx, avx2, aes, erms, tsc, tscinvbit

/proc/cpuinfo:
processor	: 0
vendor_id	: GenuineIntel
cpu family	: 6
model		: 63
model name	: Intel(R) Xeon(R) CPU E5-2650 v3 @ 2.30GHz
stepping	: 2
microcode	: 0x38
cpu MHz		: 2299.998
cache size	: 25600 KB
physical id	: 0
siblings	: 1
core id		: 0
cpu cores	: 1
apicid		: 0
initial apicid	: 0
fpu		: yes
fpu_exception	: yes
cpuid level	: 13
wp		: yes
flags		: fpu vme de pse tsc msr pae mce cx8 apic sep mtrr pge mca cmov pat pse36 clflush dts mmx fxsr sse sse2 ss syscall nx pdpe1gb rdtscp lm constant_tsc arch_perfmon pebs bts nopl xtopology tsc_reliable nonstop_tsc aperfmperf eagerfpu pni pclmulqdq ssse3 fma cx16 pcid sse4_1 sse4_2 x2apic movbe popcnt tsc_deadline_timer aes xsave avx f16c rdrand hypervisor lahf_lm abm ida arat epb xsaveopt pln pts dtherm fsgsbase tsc_adjust bmi1 avx2 smep bmi2 invpcid
bogomips	: 4599.99
clflush size	: 64
cache_alignment	: 64
address sizes	: 43 bits physical, 48 bits virtual
power management:



Memory: 4k page, physical 1017868k(69080k free), swap 1046524k(145256k free)

vm_info: Java HotSpot(TM) 64-Bit Server VM (24.80-b11) for linux-amd64 JRE (1.7.0_80-b15), built on Apr 10 2015 19:53:14 by "java_re" with gcc 4.3.0 20080428 (Red Hat 4.3.0-8)

time: Tue Apr 11 15:33:35 2017
elapsed time: 0 seconds

