#
# There is insufficient memory for the Java Runtime Environment to continue.
# Native memory allocation (malloc) failed to allocate 536870912 bytes for committing reserved memory.
# Possible reasons:
#   The system is out of physical RAM or swap space
#   In 32 bit mode, the process size limit was hit
# Possible solutions:
#   Reduce memory load on the system
#   Increase physical memory or swap space
#   Check if swap backing store is full
#   Use 64 bit Java on a 64 bit OS
#   Decrease Java heap size (-Xmx/-Xms)
#   Decrease number of Java threads
#   Decrease Java thread stack sizes (-Xss)
#   Set larger code cache with -XX:ReservedCodeCacheSize=
# This output file may be truncated or incomplete.
#
#  Out of Memory Error (os_linux.cpp:2756), pid=15608, tid=140505028830976
#
# JRE version:  (7.0_80-b15) (build )
# Java VM: Java HotSpot(TM) 64-Bit Server VM (24.80-b11 mixed mode linux-amd64 compressed oops)
# Failed to write core dump. Core dumps have been disabled. To enable core dumping, try "ulimit -c unlimited" before starting Java again
#

---------------  T H R E A D  ---------------

Current thread (0x00007fc9d8016800):  JavaThread "Unknown thread" [_thread_in_vm, id=15612, stack(0x00007fc9e0452000,0x00007fc9e0553000)]

Stack: [0x00007fc9e0452000,0x00007fc9e0553000],  sp=0x00007fc9e0551330,  free space=1020k
Native frames: (J=compiled Java code, j=interpreted, Vv=VM code, C=native code)
V  [libjvm.so+0x9a320a]  VMError::report_and_die()+0x2ea
V  [libjvm.so+0x498d3b]  report_vm_out_of_memory(char const*, int, unsigned long, char const*)+0x9b
V  [libjvm.so+0x82191e]  os::Linux::commit_memory_impl(char*, unsigned long, bool)+0xfe
V  [libjvm.so+0x821e69]  os::pd_commit_memory(char*, unsigned long, unsigned long, bool)+0x29
V  [libjvm.so+0x81bb6a]  os::commit_memory(char*, unsigned long, unsigned long, bool)+0x2a
V  [libjvm.so+0x99ea19]  VirtualSpace::expand_by(unsigned long, bool)+0x1c9
V  [libjvm.so+0x99eb9d]  VirtualSpace::initialize(ReservedSpace, unsigned long)+0xcd
V  [libjvm.so+0x57a5cf]  CardGeneration::CardGeneration(ReservedSpace, unsigned long, int, GenRemSet*)+0x11f
V  [libjvm.so+0x9533d3]  TenuredGeneration::TenuredGeneration(ReservedSpace, unsigned long, int, GenRemSet*)+0x83
V  [libjvm.so+0x57bb5d]  GenerationSpec::init(ReservedSpace, int, GenRemSet*)+0x3bd
V  [libjvm.so+0x56bf84]  GenCollectedHeap::initialize()+0x344
V  [libjvm.so+0x97509a]  Universe::initialize_heap()+0xca
V  [libjvm.so+0x976269]  universe_init()+0x79
V  [libjvm.so+0x5b2f25]  init_globals()+0x65
V  [libjvm.so+0x95db4d]  Threads::create_vm(JavaVMInitArgs*, bool*)+0x1ed
V  [libjvm.so+0x63b2e4]  JNI_CreateJavaVM+0x74
C  [libjli.so+0x2f8e]  JavaMain+0x9e


---------------  P R O C E S S  ---------------

Java Threads: ( => current thread )

Other Threads:

=>0x00007fc9d8016800 (exited) JavaThread "Unknown thread" [_thread_in_vm, id=15612, stack(0x00007fc9e0452000,0x00007fc9e0553000)]

VM state:not at safepoint (not fully initialized)

VM Mutex/Monitor currently owned by a thread: None

GC Heap History (0 events):
No events

Deoptimization events (0 events):
No events

Internal exceptions (0 events):
No events

Events (0 events):
No events


Dynamic libraries:
00400000-00401000 r-xp 00000000 08:01 3938787                            /usr/lib/jvm/java-7-oracle/bin/java
00600000-00601000 rw-p 00000000 08:01 3938787                            /usr/lib/jvm/java-7-oracle/bin/java
01aae000-01acf000 rw-p 00000000 00:00 0                                  [heap]
c0000000-d0000000 rw-p 00000000 00:00 0 
f0000000-100000000 rw-p 00000000 00:00 0 
7fc9d2000000-7fc9d2270000 rwxp 00000000 00:00 0 
7fc9d2270000-7fc9d8033000 rw-p 00000000 00:00 0 
7fc9d8033000-7fc9dc000000 ---p 00000000 00:00 0 
7fc9dd041000-7fc9dd22e000 rw-p 00000000 00:00 0 
7fc9dd22e000-7fc9dd3ae000 rw-p 00000000 00:00 0 
7fc9dd3ae000-7fc9dd3b9000 rw-p 00000000 00:00 0 
7fc9dd3b9000-7fc9dd52f000 rw-p 00000000 00:00 0 
7fc9dd52f000-7fc9dd546000 r-xp 00000000 08:01 3943052                    /usr/lib/jvm/java-7-oracle/jre/lib/amd64/libzip.so
7fc9dd546000-7fc9dd746000 ---p 00017000 08:01 3943052                    /usr/lib/jvm/java-7-oracle/jre/lib/amd64/libzip.so
7fc9dd746000-7fc9dd747000 rw-p 00017000 08:01 3943052                    /usr/lib/jvm/java-7-oracle/jre/lib/amd64/libzip.so
7fc9dd747000-7fc9dd751000 r-xp 00000000 08:01 799440                     /lib/x86_64-linux-gnu/libnss_files-2.19.so
7fc9dd751000-7fc9dd950000 ---p 0000a000 08:01 799440                     /lib/x86_64-linux-gnu/libnss_files-2.19.so
7fc9dd950000-7fc9dd951000 r--p 00009000 08:01 799440                     /lib/x86_64-linux-gnu/libnss_files-2.19.so
7fc9dd951000-7fc9dd952000 rw-p 0000a000 08:01 799440                     /lib/x86_64-linux-gnu/libnss_files-2.19.so
7fc9dd952000-7fc9dd95d000 r-xp 00000000 08:01 799432                     /lib/x86_64-linux-gnu/libnss_nis-2.19.so
7fc9dd95d000-7fc9ddb5c000 ---p 0000b000 08:01 799432                     /lib/x86_64-linux-gnu/libnss_nis-2.19.so
7fc9ddb5c000-7fc9ddb5d000 r--p 0000a000 08:01 799432                     /lib/x86_64-linux-gnu/libnss_nis-2.19.so
7fc9ddb5d000-7fc9ddb5e000 rw-p 0000b000 08:01 799432                     /lib/x86_64-linux-gnu/libnss_nis-2.19.so
7fc9ddb5e000-7fc9ddb75000 r-xp 00000000 08:01 799428                     /lib/x86_64-linux-gnu/libnsl-2.19.so
7fc9ddb75000-7fc9ddd74000 ---p 00017000 08:01 799428                     /lib/x86_64-linux-gnu/libnsl-2.19.so
7fc9ddd74000-7fc9ddd75000 r--p 00016000 08:01 799428                     /lib/x86_64-linux-gnu/libnsl-2.19.so
7fc9ddd75000-7fc9ddd76000 rw-p 00017000 08:01 799428                     /lib/x86_64-linux-gnu/libnsl-2.19.so
7fc9ddd76000-7fc9ddd78000 rw-p 00000000 00:00 0 
7fc9ddd78000-7fc9ddd81000 r-xp 00000000 08:01 799427                     /lib/x86_64-linux-gnu/libnss_compat-2.19.so
7fc9ddd81000-7fc9ddf80000 ---p 00009000 08:01 799427                     /lib/x86_64-linux-gnu/libnss_compat-2.19.so
7fc9ddf80000-7fc9ddf81000 r--p 00008000 08:01 799427                     /lib/x86_64-linux-gnu/libnss_compat-2.19.so
7fc9ddf81000-7fc9ddf82000 rw-p 00009000 08:01 799427                     /lib/x86_64-linux-gnu/libnss_compat-2.19.so
7fc9ddf82000-7fc9ddf8c000 r-xp 00000000 08:01 3943050                    /usr/lib/jvm/java-7-oracle/jre/lib/amd64/libinstrument.so
7fc9ddf8c000-7fc9de18b000 ---p 0000a000 08:01 3943050                    /usr/lib/jvm/java-7-oracle/jre/lib/amd64/libinstrument.so
7fc9de18b000-7fc9de18c000 rw-p 00009000 08:01 3943050                    /usr/lib/jvm/java-7-oracle/jre/lib/amd64/libinstrument.so
7fc9de18c000-7fc9de1b5000 r-xp 00000000 08:01 3943058                    /usr/lib/jvm/java-7-oracle/jre/lib/amd64/libjava.so
7fc9de1b5000-7fc9de3b5000 ---p 00029000 08:01 3943058                    /usr/lib/jvm/java-7-oracle/jre/lib/amd64/libjava.so
7fc9de3b5000-7fc9de3b7000 rw-p 00029000 08:01 3943058                    /usr/lib/jvm/java-7-oracle/jre/lib/amd64/libjava.so
7fc9de3b7000-7fc9de3c4000 r-xp 00000000 08:01 3943051                    /usr/lib/jvm/java-7-oracle/jre/lib/amd64/libverify.so
7fc9de3c4000-7fc9de5c3000 ---p 0000d000 08:01 3943051                    /usr/lib/jvm/java-7-oracle/jre/lib/amd64/libverify.so
7fc9de5c3000-7fc9de5c5000 rw-p 0000c000 08:01 3943051                    /usr/lib/jvm/java-7-oracle/jre/lib/amd64/libverify.so
7fc9de5c5000-7fc9de5cc000 r-xp 00000000 08:01 799436                     /lib/x86_64-linux-gnu/librt-2.19.so
7fc9de5cc000-7fc9de7cb000 ---p 00007000 08:01 799436                     /lib/x86_64-linux-gnu/librt-2.19.so
7fc9de7cb000-7fc9de7cc000 r--p 00006000 08:01 799436                     /lib/x86_64-linux-gnu/librt-2.19.so
7fc9de7cc000-7fc9de7cd000 rw-p 00007000 08:01 799436                     /lib/x86_64-linux-gnu/librt-2.19.so
7fc9de7cd000-7fc9de8d2000 r-xp 00000000 08:01 799422                     /lib/x86_64-linux-gnu/libm-2.19.so
7fc9de8d2000-7fc9dead1000 ---p 00105000 08:01 799422                     /lib/x86_64-linux-gnu/libm-2.19.so
7fc9dead1000-7fc9dead2000 r--p 00104000 08:01 799422                     /lib/x86_64-linux-gnu/libm-2.19.so
7fc9dead2000-7fc9dead3000 rw-p 00105000 08:01 799422                     /lib/x86_64-linux-gnu/libm-2.19.so
7fc9dead3000-7fc9df649000 r-xp 00000000 08:01 3943056                    /usr/lib/jvm/java-7-oracle/jre/lib/amd64/server/libjvm.so
7fc9df649000-7fc9df848000 ---p 00b76000 08:01 3943056                    /usr/lib/jvm/java-7-oracle/jre/lib/amd64/server/libjvm.so
7fc9df848000-7fc9df90c000 rw-p 00b75000 08:01 3943056                    /usr/lib/jvm/java-7-oracle/jre/lib/amd64/server/libjvm.so
7fc9df90c000-7fc9df94d000 rw-p 00000000 00:00 0 
7fc9df94d000-7fc9dfb07000 r-xp 00000000 08:01 799437                     /lib/x86_64-linux-gnu/libc-2.19.so
7fc9dfb07000-7fc9dfd07000 ---p 001ba000 08:01 799437                     /lib/x86_64-linux-gnu/libc-2.19.so
7fc9dfd07000-7fc9dfd0b000 r--p 001ba000 08:01 799437                     /lib/x86_64-linux-gnu/libc-2.19.so
7fc9dfd0b000-7fc9dfd0d000 rw-p 001be000 08:01 799437                     /lib/x86_64-linux-gnu/libc-2.19.so
7fc9dfd0d000-7fc9dfd12000 rw-p 00000000 00:00 0 
7fc9dfd12000-7fc9dfd15000 r-xp 00000000 08:01 799424                     /lib/x86_64-linux-gnu/libdl-2.19.so
7fc9dfd15000-7fc9dff14000 ---p 00003000 08:01 799424                     /lib/x86_64-linux-gnu/libdl-2.19.so
7fc9dff14000-7fc9dff15000 r--p 00002000 08:01 799424                     /lib/x86_64-linux-gnu/libdl-2.19.so
7fc9dff15000-7fc9dff16000 rw-p 00003000 08:01 799424                     /lib/x86_64-linux-gnu/libdl-2.19.so
7fc9dff16000-7fc9dff2b000 r-xp 00000000 08:01 3938823                    /usr/lib/jvm/java-7-oracle/lib/amd64/jli/libjli.so
7fc9dff2b000-7fc9e012a000 ---p 00015000 08:01 3938823                    /usr/lib/jvm/java-7-oracle/lib/amd64/jli/libjli.so
7fc9e012a000-7fc9e012b000 rw-p 00014000 08:01 3938823                    /usr/lib/jvm/java-7-oracle/lib/amd64/jli/libjli.so
7fc9e012b000-7fc9e0144000 r-xp 00000000 08:01 799429                     /lib/x86_64-linux-gnu/libpthread-2.19.so
7fc9e0144000-7fc9e0343000 ---p 00019000 08:01 799429                     /lib/x86_64-linux-gnu/libpthread-2.19.so
7fc9e0343000-7fc9e0344000 r--p 00018000 08:01 799429                     /lib/x86_64-linux-gnu/libpthread-2.19.so
7fc9e0344000-7fc9e0345000 rw-p 00019000 08:01 799429                     /lib/x86_64-linux-gnu/libpthread-2.19.so
7fc9e0345000-7fc9e0349000 rw-p 00000000 00:00 0 
7fc9e0349000-7fc9e036c000 r-xp 00000000 08:01 799430                     /lib/x86_64-linux-gnu/ld-2.19.so
7fc9e0376000-7fc9e0452000 rw-p 00000000 00:00 0 
7fc9e0452000-7fc9e0455000 ---p 00000000 00:00 0 
7fc9e0455000-7fc9e0557000 rw-p 00000000 00:00 0                          [stack:15612]
7fc9e055d000-7fc9e055f000 rw-p 00000000 00:00 0 
7fc9e055f000-7fc9e0567000 rw-s 00000000 08:01 2279230                    /tmp/hsperfdata_root/15608
7fc9e0567000-7fc9e0568000 rw-p 00000000 00:00 0 
7fc9e0568000-7fc9e0569000 r--p 00000000 00:00 0 
7fc9e0569000-7fc9e056b000 rw-p 00000000 00:00 0 
7fc9e056b000-7fc9e056c000 r--p 00022000 08:01 799430                     /lib/x86_64-linux-gnu/ld-2.19.so
7fc9e056c000-7fc9e056d000 rw-p 00023000 08:01 799430                     /lib/x86_64-linux-gnu/ld-2.19.so
7fc9e056d000-7fc9e056e000 rw-p 00000000 00:00 0 
7fff44e91000-7fff44eb8000 rw-p 00000000 00:00 0                          [stack]
7fff44fec000-7fff44fee000 r-xp 00000000 00:00 0                          [vdso]
ffffffffff600000-ffffffffff601000 r-xp 00000000 00:00 0                  [vsyscall]

VM Arguments:
jvm_args: -Dendpoints.shutdown.enabled=true -Denv=development -Dfull.stacktrace=false -Dgrails.env=development -Dgrails.full.stacktrace=false -Dinfo.app.grailsVersion=3.2.8 -Dinfo.app.name=acme -Dinfo.app.version=0.1 -Djdk.reflect.allowGetCallerClass=true -Drun.active=true -Dspring.output.ansi.enabled=always -Dspringloaded=inclusions=grails.plugins..*;synchronize=true;allowSplitPackages=true;cacheDir=/var/www/html/xtras/users/MoaLaiSkirulais/evaca7571/build/springloaded -Dverbose=false -XX:PermSize=96m -XX:MaxPermSize=256m -XX:+TieredCompilation -XX:TieredStopAtLevel=1 -XX:CICompilerCount=3 -javaagent:/root/.gradle/caches/modules-2/files-2.1/org.springframework/springloaded/1.2.7.RELEASE/83d209e87380fd30a294cefd458ab6170722e80c/springloaded-1.2.7.RELEASE.jar -Xverify:none -Xms768m -Xmx768m -Dfile.encoding=UTF-8 -Duser.country=US -Duser.language=en -Duser.variant 
java_command: acme.Application
Launcher Type: SUN_STANDARD

Environment Variables:
PATH=/root/.sdkman/candidates/grails/current/bin:/usr/local/sbin:/usr/local/bin:/usr/sbin:/usr/bin:/sbin:/bin:/usr/games:/usr/local/games
SHELL=/bin/bash

Signal Handlers:
SIGSEGV: [libjvm.so+0x9a3b20], sa_mask[0]=0x7ffbfeff, sa_flags=0x10000004
SIGBUS: [libjvm.so+0x9a3b20], sa_mask[0]=0x7ffbfeff, sa_flags=0x10000004
SIGFPE: [libjvm.so+0x81e740], sa_mask[0]=0x7ffbfeff, sa_flags=0x10000004
SIGPIPE: [libjvm.so+0x81e740], sa_mask[0]=0x7ffbfeff, sa_flags=0x10000004
SIGXFSZ: [libjvm.so+0x81e740], sa_mask[0]=0x7ffbfeff, sa_flags=0x10000004
SIGILL: [libjvm.so+0x81e740], sa_mask[0]=0x7ffbfeff, sa_flags=0x10000004
SIGUSR1: SIG_DFL, sa_mask[0]=0x00000000, sa_flags=0x00000000
SIGUSR2: [libjvm.so+0x81ffb0], sa_mask[0]=0x00000004, sa_flags=0x10000004
SIGHUP: SIG_DFL, sa_mask[0]=0x00000000, sa_flags=0x00000000
SIGINT: SIG_DFL, sa_mask[0]=0x00000000, sa_flags=0x00000000
SIGTERM: SIG_DFL, sa_mask[0]=0x00000000, sa_flags=0x00000000
SIGQUIT: SIG_DFL, sa_mask[0]=0x00000000, sa_flags=0x00000000


---------------  S Y S T E M  ---------------

OS:jessie/sid

uname:Linux 3.13.0-32-generic #57-Ubuntu SMP Tue Jul 15 03:51:08 UTC 2014 x86_64
libc:glibc 2.19 NPTL 2.19 
rlimit: STACK 8192k, CORE 0k, NPROC 7776, NOFILE 4096, AS infinity
load average:0.76 0.31 0.15

/proc/meminfo:
MemTotal:        1017868 kB
MemFree:          130352 kB
Buffers:            8528 kB
Cached:            90868 kB
SwapCached:        68252 kB
Active:           298364 kB
Inactive:         512648 kB
Active(anon):     275000 kB
Inactive(anon):   436732 kB
Active(file):      23364 kB
Inactive(file):    75916 kB
Unevictable:           0 kB
Mlocked:               0 kB
SwapTotal:       1046524 kB
SwapFree:         271600 kB
Dirty:               184 kB
Writeback:             0 kB
AnonPages:        643428 kB
Mapped:            29760 kB
Shmem:                72 kB
Slab:              31628 kB
SReclaimable:      14800 kB
SUnreclaim:        16828 kB
KernelStack:        2448 kB
PageTables:        16444 kB
NFS_Unstable:          0 kB
Bounce:                0 kB
WritebackTmp:          0 kB
CommitLimit:     1555456 kB
Committed_AS:    2696304 kB
VmallocTotal:   34359738367 kB
VmallocUsed:      145436 kB
VmallocChunk:   34359584280 kB
HardwareCorrupted:     0 kB
AnonHugePages:    178176 kB
HugePages_Total:       0
HugePages_Free:        0
HugePages_Rsvd:        0
HugePages_Surp:        0
Hugepagesize:       2048 kB
DirectMap4k:       49088 kB
DirectMap2M:      999424 kB
DirectMap1G:           0 kB


CPU:total 1 (1 cores per cpu, 1 threads per core) family 6 model 63 stepping 2, cmov, cx8, fxsr, mmx, sse, sse2, sse3, ssse3, sse4.1, sse4.2, popcnt, avx, avx2, aes, erms, tsc, tscinvbit

/proc/cpuinfo:
processor	: 0
vendor_id	: GenuineIntel
cpu family	: 6
model		: 63
model name	: Intel(R) Xeon(R) CPU E5-2650 v3 @ 2.30GHz
stepping	: 2
microcode	: 0x38
cpu MHz		: 2299.998
cache size	: 25600 KB
physical id	: 0
siblings	: 1
core id		: 0
cpu cores	: 1
apicid		: 0
initial apicid	: 0
fpu		: yes
fpu_exception	: yes
cpuid level	: 13
wp		: yes
flags		: fpu vme de pse tsc msr pae mce cx8 apic sep mtrr pge mca cmov pat pse36 clflush dts mmx fxsr sse sse2 ss syscall nx pdpe1gb rdtscp lm constant_tsc arch_perfmon pebs bts nopl xtopology tsc_reliable nonstop_tsc aperfmperf eagerfpu pni pclmulqdq ssse3 fma cx16 pcid sse4_1 sse4_2 x2apic movbe popcnt tsc_deadline_timer aes xsave avx f16c rdrand hypervisor lahf_lm abm ida arat epb xsaveopt pln pts dtherm fsgsbase tsc_adjust bmi1 avx2 smep bmi2 invpcid
bogomips	: 4599.99
clflush size	: 64
cache_alignment	: 64
address sizes	: 43 bits physical, 48 bits virtual
power management:



Memory: 4k page, physical 1017868k(130352k free), swap 1046524k(271600k free)

vm_info: Java HotSpot(TM) 64-Bit Server VM (24.80-b11) for linux-amd64 JRE (1.7.0_80-b15), built on Apr 10 2015 19:53:14 by "java_re" with gcc 4.3.0 20080428 (Red Hat 4.3.0-8)

time: Thu Apr 13 01:38:33 2017
elapsed time: 0 seconds

